C51 COMPILER V8.02   LAB5                                                                  12/17/2014 22:58:31 PAGE 1   


C51 COMPILER V8.02, COMPILATION OF MODULE LAB5
OBJECT MODULE PLACED IN lab5.OBJ
COMPILER INVOKED BY: C:\Keil\C51\BIN\C51.EXE lab5.c BROWSE DEBUG OBJECTEXTEND

line level    source

   1          #include <stdio.h>
   2          #include "REG51.h"
   3          void delay (int N)
   4          { int k;
   5   1      for (k=0; k<N; k++)
   6   1      { TMOD=0x01;
   7   2      TH0=0xD8;
   8   2      TL0=0xF0;
   9   2      TR0=1;
  10   2      while (!TF0) {};
  11   2      TR0=0;
  12   2      TF0=0;
  13   2      }
  14   1      }
  15          void main ()
  16          { int N;
  17   1      while (1) {
  18   2      N=50;
  19   2      P1 = 0x01; 
  20   2      delay (N);
  21   2      P1 = 0x02;
  22   2      delay (N);
  23   2      P1 = 0x04;
  24   2      delay (N);
  25   2      P1 = 0x08;
  26   2      delay (N);
  27   2      P1 = 0x10;
  28   2      delay (N);
  29   2      P1 = 0x20;
  30   2      delay (N);
  31   2      P1 = 0x40;
  32   2      delay (N);
  33   2      P1 = 0x80;
  34   2      delay (N);
  35   2      }
  36   1      
  37   1      return;
  38   1      }


MODULE INFORMATION:   STATIC OVERLAYABLE
   CODE SIZE        =    100    ----
   CONSTANT SIZE    =   ----    ----
   XDATA SIZE       =   ----    ----
   PDATA SIZE       =   ----    ----
   DATA SIZE        =   ----    ----
   IDATA SIZE       =   ----    ----
   BIT SIZE         =   ----    ----
END OF MODULE INFORMATION.


C51 COMPILATION COMPLETE.  0 WARNING(S),  0 ERROR(S)
