Fitter report for sumator
Wed Nov 21 11:05:25 2012
Quartus II Version 9.0 Build 132 02/25/2009 SJ Web Edition


---------------------
; Table of Contents ;
---------------------
  1. Legal Notice
  2. Fitter Summary
  3. Fitter Settings
  4. Parallel Compilation
  5. Pin-Out File
  6. Fitter Resource Usage Summary
  7. Input Pins
  8. Output Pins
  9. All Package Pins
 10. Output Pin Default Load For Reported TCO
 11. Fitter Resource Utilization by Entity
 12. Non-Global High Fan-Out Signals
 13. Interconnect Usage Summary
 14. LAB External Interconnect
 15. LAB Macrocells
 16. Logic Cell Interconnection
 17. Fitter Device Options
 18. Fitter Messages



----------------
; Legal Notice ;
----------------
Copyright (C) 1991-2009 Altera Corporation
Your use of Altera Corporation's design tools, logic functions 
and other software and tools, and its AMPP partner logic 
functions, and any output files from any of the foregoing 
(including device programming or simulation files), and any 
associated documentation or information are expressly subject 
to the terms and conditions of the Altera Program License 
Subscription Agreement, Altera MegaCore Function License 
Agreement, or other applicable license agreement, including, 
without limitation, that your use is for the sole purpose of 
programming logic devices manufactured by Altera and sold by 
Altera or its authorized distributors.  Please refer to the 
applicable agreement for further details.



+-----------------------------------------------------------------+
; Fitter Summary                                                  ;
+-----------------------+-----------------------------------------+
; Fitter Status         ; Successful - Wed Nov 21 11:05:25 2012   ;
; Quartus II Version    ; 9.0 Build 132 02/25/2009 SJ Web Edition ;
; Revision Name         ; sumator                                 ;
; Top-level Entity Name ; sumator                                 ;
; Family                ; MAX3000A                                ;
; Device                ; EPM3256ATC144-7                         ;
; Timing Models         ; Final                                   ;
; Total macrocells      ; 2 / 256 ( < 1 % )                       ;
; Total pins            ; 9 / 116 ( 8 % )                         ;
+-----------------------+-----------------------------------------+


+--------------------------------------------------------------------------------------+
; Fitter Settings                                                                      ;
+----------------------------------------------------+-----------------+---------------+
; Option                                             ; Setting         ; Default Value ;
+----------------------------------------------------+-----------------+---------------+
; Device                                             ; EPM3256ATC144-7 ;               ;
; Use smart compilation                              ; Off             ; Off           ;
; Use TimeQuest Timing Analyzer                      ; Off             ; Off           ;
; Optimize Timing for ECOs                           ; Off             ; Off           ;
; Regenerate full fit report during ECO compiles     ; Off             ; Off           ;
; Optimize IOC Register Placement for Timing         ; On              ; On            ;
; Limit to One Fitting Attempt                       ; Off             ; Off           ;
; Fitter Initial Placement Seed                      ; 1               ; 1             ;
; Slow Slew Rate                                     ; Off             ; Off           ;
; Fitter Effort                                      ; Auto Fit        ; Auto Fit      ;
; Force Fitter to Avoid Periphery Placement Warnings ; Off             ; Off           ;
+----------------------------------------------------+-----------------+---------------+


Parallel compilation was disabled, but you have multiple processors available. Enable parallel compilation to reduce compilation time.
+-------------------------------------+
; Parallel Compilation                ;
+----------------------------+--------+
; Processors                 ; Number ;
+----------------------------+--------+
; Number detected on machine ; 2      ;
; Maximum allowed            ; 1      ;
+----------------------------+--------+


+--------------+
; Pin-Out File ;
+--------------+
The pin-out file can be found in E:/Dropbox/Share-Ivan/AiPZ/KR/sumator/sumator.pin.


+-------------------------------------------------------+
; Fitter Resource Usage Summary                         ;
+-----------------------------------+-------------------+
; Resource                          ; Usage             ;
+-----------------------------------+-------------------+
; Logic cells                       ; 2 / 256 ( < 1 % ) ;
; Registers                         ; 0 / 256 ( 0 % )   ;
; Number of pterms used             ; 6                 ;
; User inserted logic elements      ; 0                 ;
; I/O pins                          ; 9 / 116 ( 8 % )   ;
;     -- Clock pins                 ; 0 / 2 ( 0 % )     ;
;     -- Dedicated input pins       ; 0 / 2 ( 0 % )     ;
; Global signals                    ; 0                 ;
; Shareable expanders               ; 0 / 256 ( 0 % )   ;
; Parallel expanders                ; 0 / 240 ( 0 % )   ;
; Cells using turbo bit             ; 2 / 256 ( < 1 % ) ;
; Maximum fan-out node              ; P                 ;
; Maximum fan-out                   ; 2                 ;
; Highest non-global fan-out signal ; P                 ;
; Highest non-global fan-out        ; 2                 ;
; Total fan-out                     ; 8                 ;
; Average fan-out                   ; 0.73              ;
+-----------------------------------+-------------------+


+---------------------------------------------------------------------------------------------------------------------------+
; Input Pins                                                                                                                ;
+------+-------+----------+-----+-----------------------+--------------------+--------+--------------+----------------------+
; Name ; Pin # ; I/O Bank ; LAB ; Combinational Fan-Out ; Registered Fan-Out ; Global ; I/O Standard ; Location assigned by ;
+------+-------+----------+-----+-----------------------+--------------------+--------+--------------+----------------------+
; A    ; 113   ; --       ; 13  ; 2                     ; 0                  ; no     ; 3.3-V LVTTL  ; Fitter               ;
; B    ; 122   ; --       ; 9   ; 2                     ; 0                  ; no     ; 3.3-V LVTTL  ; Fitter               ;
; P    ; 81    ; --       ; 15  ; 2                     ; 0                  ; no     ; 3.3-V LVTTL  ; Fitter               ;
+------+-------+----------+-----+-----------------------+--------------------+--------+--------------+----------------------+


+---------------------------------------------------------------------------------------------------------------------------------------------+
; Output Pins                                                                                                                                 ;
+------+-------+----------+-----+-----------------+----------------+------------+---------------+--------------+----------------------+-------+
; Name ; Pin # ; I/O Bank ; LAB ; Output Register ; Slow Slew Rate ; Open Drain ; TRI Primitive ; I/O Standard ; Location assigned by ; Load  ;
+------+-------+----------+-----+-----------------+----------------+------------+---------------+--------------+----------------------+-------+
; P1   ; 1     ; --       ; 1   ; no              ; no             ; no         ; no            ; 3.3-V LVTTL  ; Fitter               ; 10 pF ;
; S    ; 2     ; --       ; 1   ; no              ; no             ; no         ; no            ; 3.3-V LVTTL  ; Fitter               ; 10 pF ;
+------+-------+----------+-----+-----------------+----------------+------------+---------------+--------------+----------------------+-------+


+-------------------------------------------------------------------------------------------------------+
; All Package Pins                                                                                      ;
+----------+------------+----------+----------------+--------+--------------+---------+-----------------+
; Location ; Pad Number ; I/O Bank ; Pin Name/Usage ; Dir.   ; I/O Standard ; Voltage ; User Assignment ;
+----------+------------+----------+----------------+--------+--------------+---------+-----------------+
; 1        ; 18         ; --       ; P1             ; output ; 3.3-V LVTTL  ;         ; N               ;
; 2        ; 19         ; --       ; S              ; output ; 3.3-V LVTTL  ;         ; N               ;
; 3        ; 20         ; --       ; GND            ; gnd    ;              ;         ;                 ;
; 4        ; 21         ; --       ; TDI            ; input  ; 3.3-V LVTTL  ;         ; N               ;
; 5        ; 22         ; --       ; RESERVED       ;        ;              ;         ;                 ;
; 6        ; 23         ; --       ; RESERVED       ;        ;              ;         ;                 ;
; 7        ; 24         ; --       ; RESERVED       ;        ;              ;         ;                 ;
; 8        ; 25         ; --       ; RESERVED       ;        ;              ;         ;                 ;
; 9        ; 26         ; --       ; RESERVED       ;        ;              ;         ;                 ;
; 10       ; 27         ; --       ; RESERVED       ;        ;              ;         ;                 ;
; 11       ; 28         ; --       ; RESERVED       ;        ;              ;         ;                 ;
; 12       ; 29         ; --       ; RESERVED       ;        ;              ;         ;                 ;
; 13       ; 30         ; --       ; GND            ; gnd    ;              ;         ;                 ;
; 14       ; 31         ; --       ; RESERVED       ;        ;              ;         ;                 ;
; 15       ; 32         ; --       ; RESERVED       ;        ;              ;         ;                 ;
; 16       ; 33         ; --       ; RESERVED       ;        ;              ;         ;                 ;
; 17       ; 34         ; --       ; GND            ; gnd    ;              ;         ;                 ;
; 18       ; 35         ; --       ; RESERVED       ;        ;              ;         ;                 ;
; 19       ; 36         ; --       ; RESERVED       ;        ;              ;         ;                 ;
; 20       ; 37         ; --       ; TMS            ; input  ; 3.3-V LVTTL  ;         ; N               ;
; 21       ; 38         ; --       ; RESERVED       ;        ;              ;         ;                 ;
; 22       ; 39         ; --       ; RESERVED       ;        ;              ;         ;                 ;
; 23       ; 40         ; --       ; RESERVED       ;        ;              ;         ;                 ;
; 24       ; 41         ; --       ; VCCIO          ; power  ;              ; 3.3V    ;                 ;
; 25       ; 42         ; --       ; RESERVED       ;        ;              ;         ;                 ;
; 26       ; 43         ; --       ; GND            ; gnd    ;              ;         ;                 ;
; 27       ; 44         ; --       ; RESERVED       ;        ;              ;         ;                 ;
; 28       ; 45         ; --       ; RESERVED       ;        ;              ;         ;                 ;
; 29       ; 46         ; --       ; RESERVED       ;        ;              ;         ;                 ;
; 30       ; 47         ; --       ; RESERVED       ;        ;              ;         ;                 ;
; 31       ; 48         ; --       ; RESERVED       ;        ;              ;         ;                 ;
; 32       ; 49         ; --       ; RESERVED       ;        ;              ;         ;                 ;
; 33       ; 50         ; --       ; GND            ; gnd    ;              ;         ;                 ;
; 34       ; 51         ; --       ; RESERVED       ;        ;              ;         ;                 ;
; 35       ; 52         ; --       ; RESERVED       ;        ;              ;         ;                 ;
; 36       ; 53         ; --       ; RESERVED       ;        ;              ;         ;                 ;
; 37       ; 54         ; --       ; RESERVED       ;        ;              ;         ;                 ;
; 38       ; 55         ; --       ; RESERVED       ;        ;              ;         ;                 ;
; 39       ; 56         ; --       ; RESERVED       ;        ;              ;         ;                 ;
; 40       ; 57         ; --       ; RESERVED       ;        ;              ;         ;                 ;
; 41       ; 58         ; --       ; RESERVED       ;        ;              ;         ;                 ;
; 42       ; 59         ; --       ; RESERVED       ;        ;              ;         ;                 ;
; 43       ; 60         ; --       ; RESERVED       ;        ;              ;         ;                 ;
; 44       ; 61         ; --       ; RESERVED       ;        ;              ;         ;                 ;
; 45       ; 62         ; --       ; RESERVED       ;        ;              ;         ;                 ;
; 46       ; 63         ; --       ; RESERVED       ;        ;              ;         ;                 ;
; 47       ; 64         ; --       ; RESERVED       ;        ;              ;         ;                 ;
; 48       ; 65         ; --       ; RESERVED       ;        ;              ;         ;                 ;
; 49       ; 66         ; --       ; RESERVED       ;        ;              ;         ;                 ;
; 50       ; 67         ; --       ; VCCIO          ; power  ;              ; 3.3V    ;                 ;
; 51       ; 68         ; --       ; VCCINT         ; power  ;              ; 3.3V    ;                 ;
; 52       ; 69         ; --       ; GND            ; gnd    ;              ;         ;                 ;
; 53       ; 70         ; --       ; RESERVED       ;        ;              ;         ;                 ;
; 54       ; 71         ; --       ; RESERVED       ;        ;              ;         ;                 ;
; 55       ; 72         ; --       ; RESERVED       ;        ;              ;         ;                 ;
; 56       ; 73         ; --       ; RESERVED       ;        ;              ;         ;                 ;
; 57       ; 74         ; --       ; GND            ; gnd    ;              ;         ;                 ;
; 58       ; 75         ; --       ; VCCINT         ; power  ;              ; 3.3V    ;                 ;
; 59       ; 76         ; --       ; GND            ; gnd    ;              ;         ;                 ;
; 60       ; 77         ; --       ; RESERVED       ;        ;              ;         ;                 ;
; 61       ; 78         ; --       ; RESERVED       ;        ;              ;         ;                 ;
; 62       ; 79         ; --       ; RESERVED       ;        ;              ;         ;                 ;
; 63       ; 80         ; --       ; RESERVED       ;        ;              ;         ;                 ;
; 64       ; 81         ; --       ; GND            ; gnd    ;              ;         ;                 ;
; 65       ; 82         ; --       ; RESERVED       ;        ;              ;         ;                 ;
; 66       ; 83         ; --       ; RESERVED       ;        ;              ;         ;                 ;
; 67       ; 84         ; --       ; RESERVED       ;        ;              ;         ;                 ;
; 68       ; 85         ; --       ; RESERVED       ;        ;              ;         ;                 ;
; 69       ; 86         ; --       ; RESERVED       ;        ;              ;         ;                 ;
; 70       ; 87         ; --       ; RESERVED       ;        ;              ;         ;                 ;
; 71       ; 88         ; --       ; RESERVED       ;        ;              ;         ;                 ;
; 72       ; 89         ; --       ; RESERVED       ;        ;              ;         ;                 ;
; 73       ; 90         ; --       ; VCCIO          ; power  ;              ; 3.3V    ;                 ;
; 74       ; 91         ; --       ; RESERVED       ;        ;              ;         ;                 ;
; 75       ; 92         ; --       ; RESERVED       ;        ;              ;         ;                 ;
; 76       ; 93         ; --       ; VCCIO          ; power  ;              ; 3.3V    ;                 ;
; 77       ; 94         ; --       ; GND            ; gnd    ;              ;         ;                 ;
; 78       ; 95         ; --       ; RESERVED       ;        ;              ;         ;                 ;
; 79       ; 96         ; --       ; RESERVED       ;        ;              ;         ;                 ;
; 80       ; 97         ; --       ; RESERVED       ;        ;              ;         ;                 ;
; 81       ; 98         ; --       ; P              ; input  ; 3.3-V LVTTL  ;         ; N               ;
; 82       ; 99         ; --       ; RESERVED       ;        ;              ;         ;                 ;
; 83       ; 100        ; --       ; RESERVED       ;        ;              ;         ;                 ;
; 84       ; 101        ; --       ; RESERVED       ;        ;              ;         ;                 ;
; 85       ; 102        ; --       ; GND            ; gnd    ;              ;         ;                 ;
; 86       ; 103        ; --       ; RESERVED       ;        ;              ;         ;                 ;
; 87       ; 104        ; --       ; RESERVED       ;        ;              ;         ;                 ;
; 88       ; 105        ; --       ; RESERVED       ;        ;              ;         ;                 ;
; 89       ; 106        ; --       ; TCK            ; input  ; 3.3-V LVTTL  ;         ; N               ;
; 90       ; 107        ; --       ; RESERVED       ;        ;              ;         ;                 ;
; 91       ; 108        ; --       ; RESERVED       ;        ;              ;         ;                 ;
; 92       ; 109        ; --       ; RESERVED       ;        ;              ;         ;                 ;
; 93       ; 110        ; --       ; RESERVED       ;        ;              ;         ;                 ;
; 94       ; 111        ; --       ; GND            ; gnd    ;              ;         ;                 ;
; 95       ; 112        ; --       ; VCCIO          ; power  ;              ; 3.3V    ;                 ;
; 96       ; 113        ; --       ; RESERVED       ;        ;              ;         ;                 ;
; 97       ; 114        ; --       ; RESERVED       ;        ;              ;         ;                 ;
; 98       ; 115        ; --       ; RESERVED       ;        ;              ;         ;                 ;
; 99       ; 116        ; --       ; RESERVED       ;        ;              ;         ;                 ;
; 100      ; 117        ; --       ; RESERVED       ;        ;              ;         ;                 ;
; 101      ; 118        ; --       ; RESERVED       ;        ;              ;         ;                 ;
; 102      ; 119        ; --       ; RESERVED       ;        ;              ;         ;                 ;
; 103      ; 120        ; --       ; RESERVED       ;        ;              ;         ;                 ;
; 104      ; 121        ; --       ; TDO            ; output ; 3.3-V LVTTL  ;         ; N               ;
; 105      ; 122        ; --       ; GND            ; gnd    ;              ;         ;                 ;
; 106      ; 123        ; --       ; RESERVED       ;        ;              ;         ;                 ;
; 107      ; 124        ; --       ; RESERVED       ;        ;              ;         ;                 ;
; 108      ; 125        ; --       ; RESERVED       ;        ;              ;         ;                 ;
; 109      ; 126        ; --       ; RESERVED       ;        ;              ;         ;                 ;
; 110      ; 127        ; --       ; RESERVED       ;        ;              ;         ;                 ;
; 111      ; 128        ; --       ; RESERVED       ;        ;              ;         ;                 ;
; 112      ; 129        ; --       ; RESERVED       ;        ;              ;         ;                 ;
; 113      ; 130        ; --       ; A              ; input  ; 3.3-V LVTTL  ;         ; N               ;
; 114      ; 131        ; --       ; GND            ; gnd    ;              ;         ;                 ;
; 115      ; 132        ; --       ; VCCIO          ; power  ;              ; 3.3V    ;                 ;
; 116      ; 133        ; --       ; RESERVED       ;        ;              ;         ;                 ;
; 117      ; 134        ; --       ; RESERVED       ;        ;              ;         ;                 ;
; 118      ; 135        ; --       ; RESERVED       ;        ;              ;         ;                 ;
; 119      ; 136        ; --       ; RESERVED       ;        ;              ;         ;                 ;
; 120      ; 137        ; --       ; RESERVED       ;        ;              ;         ;                 ;
; 121      ; 138        ; --       ; RESERVED       ;        ;              ;         ;                 ;
; 122      ; 139        ; --       ; B              ; input  ; 3.3-V LVTTL  ;         ; N               ;
; 123      ; 140        ; --       ; VCCINT         ; power  ;              ; 3.3V    ;                 ;
; 124      ; 141        ; --       ; GND            ; gnd    ;              ;         ;                 ;
; 125      ; 142        ; --       ; GND+           ;        ;              ;         ;                 ;
; 126      ; 143        ; --       ; GND+           ;        ;              ;         ;                 ;
; 127      ; 0          ; --       ; GND+           ;        ;              ;         ;                 ;
; 128      ; 1          ; --       ; GND+           ;        ;              ;         ;                 ;
; 129      ; 2          ; --       ; GND            ; gnd    ;              ;         ;                 ;
; 130      ; 3          ; --       ; VCCINT         ; power  ;              ; 3.3V    ;                 ;
; 131      ; 4          ; --       ; RESERVED       ;        ;              ;         ;                 ;
; 132      ; 5          ; --       ; RESERVED       ;        ;              ;         ;                 ;
; 133      ; 6          ; --       ; RESERVED       ;        ;              ;         ;                 ;
; 134      ; 7          ; --       ; RESERVED       ;        ;              ;         ;                 ;
; 135      ; 8          ; --       ; GND            ; gnd    ;              ;         ;                 ;
; 136      ; 9          ; --       ; RESERVED       ;        ;              ;         ;                 ;
; 137      ; 10         ; --       ; RESERVED       ;        ;              ;         ;                 ;
; 138      ; 11         ; --       ; RESERVED       ;        ;              ;         ;                 ;
; 139      ; 12         ; --       ; RESERVED       ;        ;              ;         ;                 ;
; 140      ; 13         ; --       ; RESERVED       ;        ;              ;         ;                 ;
; 141      ; 14         ; --       ; RESERVED       ;        ;              ;         ;                 ;
; 142      ; 15         ; --       ; RESERVED       ;        ;              ;         ;                 ;
; 143      ; 16         ; --       ; RESERVED       ;        ;              ;         ;                 ;
; 144      ; 17         ; --       ; VCCIO          ; power  ;              ; 3.3V    ;                 ;
+----------+------------+----------+----------------+--------+--------------+---------+-----------------+
Note: Pin directions (input, output or bidir) are based on device operating in user mode.


+-----------------------------------------------+
; Output Pin Default Load For Reported TCO      ;
+--------------+-------+------------------------+
; I/O Standard ; Load  ; Termination Resistance ;
+--------------+-------+------------------------+
; 3.3-V LVTTL  ; 10 pF ; Not Available          ;
; 3.3-V LVCMOS ; 10 pF ; Not Available          ;
; 3.3-V PCI    ; 10 pF ; 25 Ohm (Parallel)      ;
; 2.5 V        ; 10 pF ; Not Available          ;
+--------------+-------+------------------------+
Note: User assignments will override these defaults. The user specified values are listed in the Output Pins and Bidir Pins tables.


+-------------------------------------------------------------------------------------+
; Fitter Resource Utilization by Entity                                               ;
+----------------------------+------------+------+---------------------+--------------+
; Compilation Hierarchy Node ; Macrocells ; Pins ; Full Hierarchy Name ; Library Name ;
+----------------------------+------------+------+---------------------+--------------+
; |sumator                   ; 2          ; 9    ; |sumator            ; work         ;
+----------------------------+------------+------+---------------------+--------------+


+---------------------------------+
; Non-Global High Fan-Out Signals ;
+----------+----------------------+
; Name     ; Fan-Out              ;
+----------+----------------------+
; A        ; 2                    ;
; B        ; 2                    ;
; P        ; 2                    ;
; inst27~7 ; 1                    ;
; inst17~1 ; 1                    ;
+----------+----------------------+


+------------------------------------------------+
; Interconnect Usage Summary                     ;
+----------------------------+-------------------+
; Interconnect Resource Type ; Usage             ;
+----------------------------+-------------------+
; Output enables             ; 0 / 6 ( 0 % )     ;
; PIA buffers                ; 3 / 576 ( < 1 % ) ;
; PIAs                       ; 3 / 576 ( < 1 % ) ;
+----------------------------+-------------------+


+----------------------------------------------------------------------------+
; LAB External Interconnect                                                  ;
+----------------------------------------------+-----------------------------+
; LAB External Interconnects  (Average = 0.19) ; Number of LABs  (Total = 1) ;
+----------------------------------------------+-----------------------------+
; 0                                            ; 15                          ;
; 1                                            ; 0                           ;
; 2                                            ; 0                           ;
; 3                                            ; 1                           ;
+----------------------------------------------+-----------------------------+


+----------------------------------------------------------------------+
; LAB Macrocells                                                       ;
+----------------------------------------+-----------------------------+
; Number of Macrocells  (Average = 0.13) ; Number of LABs  (Total = 1) ;
+----------------------------------------+-----------------------------+
; 0                                      ; 15                          ;
; 1                                      ; 0                           ;
; 2                                      ; 1                           ;
+----------------------------------------+-----------------------------+


+-------------------------------------+
; Logic Cell Interconnection          ;
+-----+------------+---------+--------+
; LAB ; Logic Cell ; Input   ; Output ;
+-----+------------+---------+--------+
;  A  ; LC3        ; A, P, B ; S      ;
;  A  ; LC5        ; B, P, A ; P1     ;
+-----+------------+---------+--------+


+---------------------------------------------------------------+
; Fitter Device Options                                         ;
+----------------------------------------------+----------------+
; Option                                       ; Setting        ;
+----------------------------------------------+----------------+
; Enable user-supplied start-up clock (CLKUSR) ; Off            ;
; Enable device-wide reset (DEV_CLRn)          ; Off            ;
; Enable device-wide output enable (DEV_OE)    ; Off            ;
; Enable INIT_DONE output                      ; Off            ;
; Configuration scheme                         ; Passive Serial ;
; Security bit                                 ; Off            ;
; Base pin-out file on sameframe device        ; Off            ;
+----------------------------------------------+----------------+


+-----------------+
; Fitter Messages ;
+-----------------+
Info: *******************************************************************
Info: Running Quartus II Fitter
    Info: Version 9.0 Build 132 02/25/2009 SJ Web Edition
    Info: Processing started: Wed Nov 21 11:05:25 2012
Info: Command: quartus_fit --read_settings_files=off --write_settings_files=off sumator -c sumator
Info: Selected device EPM3256ATC144-7 for design "sumator"
Info: Quartus II Fitter was successful. 0 errors, 0 warnings
    Info: Peak virtual memory: 191 megabytes
    Info: Processing ended: Wed Nov 21 11:05:25 2012
    Info: Elapsed time: 00:00:00
    Info: Total CPU time (on all processors): 00:00:00


