Analysis & Synthesis report for sumator
Wed Nov 21 11:05:24 2012
Quartus II Version 9.0 Build 132 02/25/2009 SJ Web Edition


---------------------
; Table of Contents ;
---------------------
  1. Legal Notice
  2. Analysis & Synthesis Summary
  3. Analysis & Synthesis Settings
  4. Analysis & Synthesis Source Files Read
  5. Analysis & Synthesis Resource Usage Summary
  6. Analysis & Synthesis Resource Utilization by Entity
  7. Analysis & Synthesis Messages



----------------
; Legal Notice ;
----------------
Copyright (C) 1991-2009 Altera Corporation
Your use of Altera Corporation's design tools, logic functions 
and other software and tools, and its AMPP partner logic 
functions, and any output files from any of the foregoing 
(including device programming or simulation files), and any 
associated documentation or information are expressly subject 
to the terms and conditions of the Altera Program License 
Subscription Agreement, Altera MegaCore Function License 
Agreement, or other applicable license agreement, including, 
without limitation, that your use is for the sole purpose of 
programming logic devices manufactured by Altera and sold by 
Altera or its authorized distributors.  Please refer to the 
applicable agreement for further details.



+-----------------------------------------------------------------------+
; Analysis & Synthesis Summary                                          ;
+-----------------------------+-----------------------------------------+
; Analysis & Synthesis Status ; Successful - Wed Nov 21 11:05:24 2012   ;
; Quartus II Version          ; 9.0 Build 132 02/25/2009 SJ Web Edition ;
; Revision Name               ; sumator                                 ;
; Top-level Entity Name       ; sumator                                 ;
; Family                      ; MAX3000A                                ;
; Total macrocells            ; 2                                       ;
; Total pins                  ; 5                                       ;
+-----------------------------+-----------------------------------------+


+--------------------------------------------------------------------------------------------------+
; Analysis & Synthesis Settings                                                                    ;
+----------------------------------------------------------------+-----------------+---------------+
; Option                                                         ; Setting         ; Default Value ;
+----------------------------------------------------------------+-----------------+---------------+
; Device                                                         ; EPM3256ATC144-7 ;               ;
; Top-level entity name                                          ; sumator         ; sumator       ;
; Family name                                                    ; MAX3000A        ; Stratix II    ;
; Use Generated Physical Constraints File                        ; Off             ;               ;
; Use smart compilation                                          ; Off             ; Off           ;
; Create Debugging Nodes for IP Cores                            ; Off             ; Off           ;
; Preserve fewer node names                                      ; On              ; On            ;
; Disable OpenCore Plus hardware evaluation                      ; Off             ; Off           ;
; Verilog Version                                                ; Verilog_2001    ; Verilog_2001  ;
; VHDL Version                                                   ; VHDL93          ; VHDL93        ;
; State Machine Processing                                       ; Auto            ; Auto          ;
; Safe State Machine                                             ; Off             ; Off           ;
; Extract Verilog State Machines                                 ; On              ; On            ;
; Extract VHDL State Machines                                    ; On              ; On            ;
; Ignore Verilog initial constructs                              ; Off             ; Off           ;
; Iteration limit for constant Verilog loops                     ; 5000            ; 5000          ;
; Iteration limit for non-constant Verilog loops                 ; 250             ; 250           ;
; Add Pass-Through Logic to Inferred RAMs                        ; On              ; On            ;
; Parallel Synthesis                                             ; Off             ; Off           ;
; NOT Gate Push-Back                                             ; On              ; On            ;
; Power-Up Don't Care                                            ; On              ; On            ;
; Remove Duplicate Registers                                     ; On              ; On            ;
; Ignore CARRY Buffers                                           ; Off             ; Off           ;
; Ignore CASCADE Buffers                                         ; Off             ; Off           ;
; Ignore GLOBAL Buffers                                          ; Off             ; Off           ;
; Ignore ROW GLOBAL Buffers                                      ; Off             ; Off           ;
; Ignore LCELL Buffers                                           ; Auto            ; Auto          ;
; Ignore SOFT Buffers                                            ; Off             ; Off           ;
; Limit AHDL Integers to 32 Bits                                 ; Off             ; Off           ;
; Optimization Technique                                         ; Speed           ; Speed         ;
; Allow XOR Gate Usage                                           ; On              ; On            ;
; Auto Logic Cell Insertion                                      ; On              ; On            ;
; Parallel Expander Chain Length                                 ; 4               ; 4             ;
; Auto Parallel Expanders                                        ; On              ; On            ;
; Auto Open-Drain Pins                                           ; On              ; On            ;
; Auto Resource Sharing                                          ; Off             ; Off           ;
; Maximum Fan-in Per Macrocell                                   ; 100             ; 100           ;
; Use LogicLock Constraints during Resource Balancing            ; On              ; On            ;
; Ignore translate_off and synthesis_off directives              ; Off             ; Off           ;
; Show Parameter Settings Tables in Synthesis Report             ; On              ; On            ;
; HDL message level                                              ; Level2          ; Level2        ;
; Suppress Register Optimization Related Messages                ; Off             ; Off           ;
; Number of Removed Registers Reported in Synthesis Report       ; 100             ; 100           ;
; Number of Inverted Registers Reported in Synthesis Report      ; 100             ; 100           ;
; Block Design Naming                                            ; Auto            ; Auto          ;
; Synthesis Effort                                               ; Auto            ; Auto          ;
; Allows Asynchronous Clear Usage For Shift Register Replacement ; On              ; On            ;
; Analysis & Synthesis Message Level                             ; Medium          ; Medium        ;
+----------------------------------------------------------------+-----------------+---------------+


+------------------------------------------------------------------------------------------------------------------------------------------------------------------+
; Analysis & Synthesis Source Files Read                                                                                                                           ;
+----------------------------------+-----------------+------------------------------------+------------------------------------------------------------------------+
; File Name with User-Entered Path ; Used in Netlist ; File Type                          ; File Name with Absolute Path                                           ;
+----------------------------------+-----------------+------------------------------------+------------------------------------------------------------------------+
; sumator.bdf                      ; yes             ; User Block Diagram/Schematic File  ; E:/Dropbox/Share-Ivan/AiPZ/KR/sumator/sumator.bdf                      ;
; 74153.bdf                        ; yes             ; Megafunction                       ; e:/program files/altera/90/quartus/libraries/others/maxplus2/74153.bdf ;
+----------------------------------+-----------------+------------------------------------+------------------------------------------------------------------------+


+---------------------------------------------+
; Analysis & Synthesis Resource Usage Summary ;
+----------------------+----------------------+
; Resource             ; Usage                ;
+----------------------+----------------------+
; Logic cells          ; 2                    ;
; Total registers      ; 0                    ;
; I/O pins             ; 5                    ;
; Maximum fan-out node ; P                    ;
; Maximum fan-out      ; 2                    ;
; Total fan-out        ; 8                    ;
; Average fan-out      ; 1.14                 ;
+----------------------+----------------------+


+-------------------------------------------------------------------------------------+
; Analysis & Synthesis Resource Utilization by Entity                                 ;
+----------------------------+------------+------+---------------------+--------------+
; Compilation Hierarchy Node ; Macrocells ; Pins ; Full Hierarchy Name ; Library Name ;
+----------------------------+------------+------+---------------------+--------------+
; |sumator                   ; 2          ; 5    ; |sumator            ; work         ;
+----------------------------+------------+------+---------------------+--------------+


+-------------------------------+
; Analysis & Synthesis Messages ;
+-------------------------------+
Info: *******************************************************************
Info: Running Quartus II Analysis & Synthesis
    Info: Version 9.0 Build 132 02/25/2009 SJ Web Edition
    Info: Processing started: Wed Nov 21 11:05:24 2012
Info: Command: quartus_map --read_settings_files=on --write_settings_files=off sumator -c sumator
Info: Found 1 design units, including 1 entities, in source file sumator.bdf
    Info: Found entity 1: sumator
Info: Elaborating entity "sumator" for the top level hierarchy
Info: Elaborating entity "74153" for hierarchy "74153:inst"
Info: Elaborated megafunction instantiation "74153:inst"
Info: Implemented 7 device resources after synthesis - the final resource count might be different
    Info: Implemented 3 input pins
    Info: Implemented 2 output pins
    Info: Implemented 2 macrocells
Info: Quartus II Analysis & Synthesis was successful. 0 errors, 0 warnings
    Info: Peak virtual memory: 218 megabytes
    Info: Processing ended: Wed Nov 21 11:05:24 2012
    Info: Elapsed time: 00:00:00
    Info: Total CPU time (on all processors): 00:00:00


