TimeQuest Timing Analyzer report for lab6_2
Tue Dec 10 16:38:40 2013
Quartus II Version 9.1 Build 350 03/24/2010 Service Pack 2 SJ Web Edition


---------------------
; Table of Contents ;
---------------------
  1. Legal Notice
  2. TimeQuest Timing Analyzer Summary
  3. Parallel Compilation
  4. Clocks
  5. Slow 1200mV 85C Model Fmax Summary
  6. Slow 1200mV 85C Model Setup Summary
  7. Slow 1200mV 85C Model Hold Summary
  8. Slow 1200mV 85C Model Recovery Summary
  9. Slow 1200mV 85C Model Removal Summary
 10. Slow 1200mV 85C Model Minimum Pulse Width Summary
 11. Slow 1200mV 85C Model Setup: 'C'
 12. Slow 1200mV 85C Model Setup: 'inst'
 13. Slow 1200mV 85C Model Setup: 'inst2'
 14. Slow 1200mV 85C Model Setup: 'inst1'
 15. Slow 1200mV 85C Model Hold: 'inst1'
 16. Slow 1200mV 85C Model Hold: 'inst'
 17. Slow 1200mV 85C Model Hold: 'C'
 18. Slow 1200mV 85C Model Hold: 'inst2'
 19. Slow 1200mV 85C Model Minimum Pulse Width: 'C'
 20. Slow 1200mV 85C Model Minimum Pulse Width: 'inst'
 21. Slow 1200mV 85C Model Minimum Pulse Width: 'inst1'
 22. Slow 1200mV 85C Model Minimum Pulse Width: 'inst2'
 23. Clock to Output Times
 24. Minimum Clock to Output Times
 25. Slow 1200mV 85C Model Metastability Report
 26. Slow 1200mV 0C Model Fmax Summary
 27. Slow 1200mV 0C Model Setup Summary
 28. Slow 1200mV 0C Model Hold Summary
 29. Slow 1200mV 0C Model Recovery Summary
 30. Slow 1200mV 0C Model Removal Summary
 31. Slow 1200mV 0C Model Minimum Pulse Width Summary
 32. Slow 1200mV 0C Model Setup: 'C'
 33. Slow 1200mV 0C Model Setup: 'inst'
 34. Slow 1200mV 0C Model Setup: 'inst2'
 35. Slow 1200mV 0C Model Setup: 'inst1'
 36. Slow 1200mV 0C Model Hold: 'inst1'
 37. Slow 1200mV 0C Model Hold: 'C'
 38. Slow 1200mV 0C Model Hold: 'inst'
 39. Slow 1200mV 0C Model Hold: 'inst2'
 40. Slow 1200mV 0C Model Minimum Pulse Width: 'C'
 41. Slow 1200mV 0C Model Minimum Pulse Width: 'inst'
 42. Slow 1200mV 0C Model Minimum Pulse Width: 'inst1'
 43. Slow 1200mV 0C Model Minimum Pulse Width: 'inst2'
 44. Clock to Output Times
 45. Minimum Clock to Output Times
 46. Slow 1200mV 0C Model Metastability Report
 47. Fast 1200mV 0C Model Setup Summary
 48. Fast 1200mV 0C Model Hold Summary
 49. Fast 1200mV 0C Model Recovery Summary
 50. Fast 1200mV 0C Model Removal Summary
 51. Fast 1200mV 0C Model Minimum Pulse Width Summary
 52. Fast 1200mV 0C Model Setup: 'C'
 53. Fast 1200mV 0C Model Setup: 'inst'
 54. Fast 1200mV 0C Model Setup: 'inst1'
 55. Fast 1200mV 0C Model Setup: 'inst2'
 56. Fast 1200mV 0C Model Hold: 'inst1'
 57. Fast 1200mV 0C Model Hold: 'inst'
 58. Fast 1200mV 0C Model Hold: 'C'
 59. Fast 1200mV 0C Model Hold: 'inst2'
 60. Fast 1200mV 0C Model Minimum Pulse Width: 'C'
 61. Fast 1200mV 0C Model Minimum Pulse Width: 'inst'
 62. Fast 1200mV 0C Model Minimum Pulse Width: 'inst1'
 63. Fast 1200mV 0C Model Minimum Pulse Width: 'inst2'
 64. Clock to Output Times
 65. Minimum Clock to Output Times
 66. Fast 1200mV 0C Model Metastability Report
 67. Multicorner Timing Analysis Summary
 68. Clock to Output Times
 69. Minimum Clock to Output Times
 70. Board Trace Model Assignments
 71. Input Transition Times
 72. Slow Corner Signal Integrity Metrics
 73. Fast Corner Signal Integrity Metrics
 74. Setup Transfers
 75. Hold Transfers
 76. Report TCCS
 77. Report RSKM
 78. Unconstrained Paths
 79. TimeQuest Timing Analyzer Messages



----------------
; Legal Notice ;
----------------
Copyright (C) 1991-2010 Altera Corporation
Your use of Altera Corporation's design tools, logic functions 
and other software and tools, and its AMPP partner logic 
functions, and any output files from any of the foregoing 
(including device programming or simulation files), and any 
associated documentation or information are expressly subject 
to the terms and conditions of the Altera Program License 
Subscription Agreement, Altera MegaCore Function License 
Agreement, or other applicable license agreement, including, 
without limitation, that your use is for the sole purpose of 
programming logic devices manufactured by Altera and sold by 
Altera or its authorized distributors.  Please refer to the 
applicable agreement for further details.



+-------------------------------------------------------------------------------------+
; TimeQuest Timing Analyzer Summary                                                   ;
+--------------------+----------------------------------------------------------------+
; Quartus II Version ; Version 9.1 Build 350 03/24/2010 Service Pack 2 SJ Web Edition ;
; Revision Name      ; lab6_2                                                         ;
; Device Family      ; Cyclone III                                                    ;
; Device Name        ; EP3C16F484C6                                                   ;
; Timing Models      ; Final                                                          ;
; Delay Model        ; Combined                                                       ;
; Rise/Fall Delays   ; Enabled                                                        ;
+--------------------+----------------------------------------------------------------+


Parallel compilation was disabled, but you have multiple processors available. Enable parallel compilation to reduce compilation time.
+-------------------------------------+
; Parallel Compilation                ;
+----------------------------+--------+
; Processors                 ; Number ;
+----------------------------+--------+
; Number detected on machine ; 2      ;
; Maximum allowed            ; 1      ;
+----------------------------+--------+


+-----------------------------------------------------------------------------------------------------------------------------------------------------------------------------------+
; Clocks                                                                                                                                                                            ;
+------------+------+--------+------------+-------+-------+------------+-----------+-------------+-------+--------+-----------+------------+----------+--------+--------+-----------+
; Clock Name ; Type ; Period ; Frequency  ; Rise  ; Fall  ; Duty Cycle ; Divide by ; Multiply by ; Phase ; Offset ; Edge List ; Edge Shift ; Inverted ; Master ; Source ; Targets   ;
+------------+------+--------+------------+-------+-------+------------+-----------+-------------+-------+--------+-----------+------------+----------+--------+--------+-----------+
; C          ; Base ; 1.000  ; 1000.0 MHz ; 0.000 ; 0.500 ;            ;           ;             ;       ;        ;           ;            ;          ;        ;        ; { C }     ;
; inst       ; Base ; 1.000  ; 1000.0 MHz ; 0.000 ; 0.500 ;            ;           ;             ;       ;        ;           ;            ;          ;        ;        ; { inst }  ;
; inst1      ; Base ; 1.000  ; 1000.0 MHz ; 0.000 ; 0.500 ;            ;           ;             ;       ;        ;           ;            ;          ;        ;        ; { inst1 } ;
; inst2      ; Base ; 1.000  ; 1000.0 MHz ; 0.000 ; 0.500 ;            ;           ;             ;       ;        ;           ;            ;          ;        ;        ; { inst2 } ;
+------------+------+--------+------------+-------+-------+------------+-----------+-------------+-------+--------+-----------+------------+----------+--------+--------+-----------+


+---------------------------------------------------------------------------------------------+
; Slow 1200mV 85C Model Fmax Summary                                                          ;
+-------------+-----------------+------------+------------------------------------------------+
; Fmax        ; Restricted Fmax ; Clock Name ; Note                                           ;
+-------------+-----------------+------------+------------------------------------------------+
; 1438.85 MHz ; 500.0 MHz       ; inst2      ; limit due to minimum period restriction (tmin) ;
+-------------+-----------------+------------+------------------------------------------------+
This panel reports FMAX for every clock in the design, regardless of the user-specified clock periods.  FMAX is only computed for paths where the source and destination registers or ports are driven by the same clock.  Paths of different clocks, including generated clocks, are ignored.  For paths between a clock and its inversion, FMAX is computed as if the rising and falling edges are scaled along with FMAX, such that the duty cycle (in terms of a percentage) is maintained. Altera recommends that you always use clock constraints and other slack reports for sign-off analysis.


+-------------------------------------+
; Slow 1200mV 85C Model Setup Summary ;
+-------+-------+---------------------+
; Clock ; Slack ; End Point TNS       ;
+-------+-------+---------------------+
; C     ; 0.007 ; 0.000               ;
; inst  ; 0.258 ; 0.000               ;
; inst2 ; 0.305 ; 0.000               ;
; inst1 ; 0.415 ; 0.000               ;
+-------+-------+---------------------+


+------------------------------------+
; Slow 1200mV 85C Model Hold Summary ;
+-------+--------+-------------------+
; Clock ; Slack  ; End Point TNS     ;
+-------+--------+-------------------+
; inst1 ; -0.264 ; -0.264            ;
; inst  ; 0.045  ; 0.000             ;
; C     ; 0.056  ; 0.000             ;
; inst2 ; 0.372  ; 0.000             ;
+-------+--------+-------------------+


------------------------------------------
; Slow 1200mV 85C Model Recovery Summary ;
------------------------------------------
No paths to report.


-----------------------------------------
; Slow 1200mV 85C Model Removal Summary ;
-----------------------------------------
No paths to report.


+---------------------------------------------------+
; Slow 1200mV 85C Model Minimum Pulse Width Summary ;
+-------+--------+----------------------------------+
; Clock ; Slack  ; End Point TNS                    ;
+-------+--------+----------------------------------+
; C     ; -3.000 ; -4.000                           ;
; inst  ; -1.000 ; -1.000                           ;
; inst1 ; -1.000 ; -1.000                           ;
; inst2 ; -1.000 ; -1.000                           ;
+-------+--------+----------------------------------+


+---------------------------------------------------------------------------------------------------+
; Slow 1200mV 85C Model Setup: 'C'                                                                  ;
+-------+-----------+---------+--------------+-------------+--------------+------------+------------+
; Slack ; From Node ; To Node ; Launch Clock ; Latch Clock ; Relationship ; Clock Skew ; Data Delay ;
+-------+-----------+---------+--------------+-------------+--------------+------------+------------+
; 0.007 ; inst      ; inst    ; inst         ; C           ; 0.500        ; 1.957      ; 2.644      ;
; 0.481 ; inst      ; inst    ; inst         ; C           ; 1.000        ; 1.957      ; 2.670      ;
+-------+-----------+---------+--------------+-------------+--------------+------------+------------+


+---------------------------------------------------------------------------------------------------+
; Slow 1200mV 85C Model Setup: 'inst'                                                               ;
+-------+-----------+---------+--------------+-------------+--------------+------------+------------+
; Slack ; From Node ; To Node ; Launch Clock ; Latch Clock ; Relationship ; Clock Skew ; Data Delay ;
+-------+-----------+---------+--------------+-------------+--------------+------------+------------+
; 0.258 ; inst1     ; inst1   ; inst1        ; inst        ; 0.500        ; 0.798      ; 1.254      ;
; 0.718 ; inst1     ; inst1   ; inst1        ; inst        ; 1.000        ; 0.798      ; 1.294      ;
+-------+-----------+---------+--------------+-------------+--------------+------------+------------+


+---------------------------------------------------------------------------------------------------+
; Slow 1200mV 85C Model Setup: 'inst2'                                                              ;
+-------+-----------+---------+--------------+-------------+--------------+------------+------------+
; Slack ; From Node ; To Node ; Launch Clock ; Latch Clock ; Relationship ; Clock Skew ; Data Delay ;
+-------+-----------+---------+--------------+-------------+--------------+------------+------------+
; 0.305 ; inst3     ; inst3   ; inst2        ; inst2       ; 1.000        ; -0.051     ; 0.659      ;
+-------+-----------+---------+--------------+-------------+--------------+------------+------------+


+---------------------------------------------------------------------------------------------------+
; Slow 1200mV 85C Model Setup: 'inst1'                                                              ;
+-------+-----------+---------+--------------+-------------+--------------+------------+------------+
; Slack ; From Node ; To Node ; Launch Clock ; Latch Clock ; Relationship ; Clock Skew ; Data Delay ;
+-------+-----------+---------+--------------+-------------+--------------+------------+------------+
; 0.415 ; inst2     ; inst2   ; inst2        ; inst1       ; 0.500        ; 1.214      ; 1.513      ;
; 0.927 ; inst2     ; inst2   ; inst2        ; inst1       ; 1.000        ; 1.214      ; 1.501      ;
+-------+-----------+---------+--------------+-------------+--------------+------------+------------+


+----------------------------------------------------------------------------------------------------+
; Slow 1200mV 85C Model Hold: 'inst1'                                                                ;
+--------+-----------+---------+--------------+-------------+--------------+------------+------------+
; Slack  ; From Node ; To Node ; Launch Clock ; Latch Clock ; Relationship ; Clock Skew ; Data Delay ;
+--------+-----------+---------+--------------+-------------+--------------+------------+------------+
; -0.264 ; inst2     ; inst2   ; inst2        ; inst1       ; 0.000        ; 1.283      ; 1.375      ;
; 0.212  ; inst2     ; inst2   ; inst2        ; inst1       ; -0.500       ; 1.283      ; 1.351      ;
+--------+-----------+---------+--------------+-------------+--------------+------------+------------+


+---------------------------------------------------------------------------------------------------+
; Slow 1200mV 85C Model Hold: 'inst'                                                                ;
+-------+-----------+---------+--------------+-------------+--------------+------------+------------+
; Slack ; From Node ; To Node ; Launch Clock ; Latch Clock ; Relationship ; Clock Skew ; Data Delay ;
+-------+-----------+---------+--------------+-------------+--------------+------------+------------+
; 0.045 ; inst1     ; inst1   ; inst1        ; inst        ; 0.000        ; 0.850      ; 1.251      ;
; 0.505 ; inst1     ; inst1   ; inst1        ; inst        ; -0.500       ; 0.850      ; 1.211      ;
+-------+-----------+---------+--------------+-------------+--------------+------------+------------+


+---------------------------------------------------------------------------------------------------+
; Slow 1200mV 85C Model Hold: 'C'                                                                   ;
+-------+-----------+---------+--------------+-------------+--------------+------------+------------+
; Slack ; From Node ; To Node ; Launch Clock ; Latch Clock ; Relationship ; Clock Skew ; Data Delay ;
+-------+-----------+---------+--------------+-------------+--------------+------------+------------+
; 0.056 ; inst      ; inst    ; inst         ; C           ; 0.000        ; 2.032      ; 2.464      ;
; 0.560 ; inst      ; inst    ; inst         ; C           ; -0.500       ; 2.032      ; 2.468      ;
+-------+-----------+---------+--------------+-------------+--------------+------------+------------+


+---------------------------------------------------------------------------------------------------+
; Slow 1200mV 85C Model Hold: 'inst2'                                                               ;
+-------+-----------+---------+--------------+-------------+--------------+------------+------------+
; Slack ; From Node ; To Node ; Launch Clock ; Latch Clock ; Relationship ; Clock Skew ; Data Delay ;
+-------+-----------+---------+--------------+-------------+--------------+------------+------------+
; 0.372 ; inst3     ; inst3   ; inst2        ; inst2       ; 0.000        ; 0.051      ; 0.580      ;
+-------+-----------+---------+--------------+-------------+--------------+------------+------------+


+--------------------------------------------------------------------------------------------+
; Slow 1200mV 85C Model Minimum Pulse Width: 'C'                                             ;
+--------+--------------+----------------+------------------+-------+------------+-----------+
; Slack  ; Actual Width ; Required Width ; Type             ; Clock ; Clock Edge ; Target    ;
+--------+--------------+----------------+------------------+-------+------------+-----------+
; -3.000 ; 1.000        ; 4.000          ; Port Rate        ; C     ; Rise       ; C         ;
; -1.000 ; 1.000        ; 2.000          ; Min Period       ; C     ; Rise       ; inst      ;
; 0.187  ; 0.371        ; 0.184          ; Low Pulse Width  ; C     ; Rise       ; inst      ;
; 0.339  ; 0.339        ; 0.000          ; Low Pulse Width  ; C     ; Rise       ; C~input|o ;
; 0.347  ; 0.347        ; 0.000          ; Low Pulse Width  ; C     ; Rise       ; inst|clk  ;
; 0.413  ; 0.629        ; 0.216          ; High Pulse Width ; C     ; Rise       ; inst      ;
; 0.500  ; 0.500        ; 0.000          ; High Pulse Width ; C     ; Rise       ; C~input|i ;
; 0.500  ; 0.500        ; 0.000          ; Low Pulse Width  ; C     ; Rise       ; C~input|i ;
; 0.651  ; 0.651        ; 0.000          ; High Pulse Width ; C     ; Rise       ; inst|clk  ;
; 0.661  ; 0.661        ; 0.000          ; High Pulse Width ; C     ; Rise       ; C~input|o ;
+--------+--------------+----------------+------------------+-------+------------+-----------+


+--------------------------------------------------------------------------------------------+
; Slow 1200mV 85C Model Minimum Pulse Width: 'inst'                                          ;
+--------+--------------+----------------+------------------+-------+------------+-----------+
; Slack  ; Actual Width ; Required Width ; Type             ; Clock ; Clock Edge ; Target    ;
+--------+--------------+----------------+------------------+-------+------------+-----------+
; -1.000 ; 1.000        ; 2.000          ; Min Period       ; inst  ; Fall       ; inst1     ;
; 0.232  ; 0.448        ; 0.216          ; High Pulse Width ; inst  ; Fall       ; inst1     ;
; 0.367  ; 0.551        ; 0.184          ; Low Pulse Width  ; inst  ; Fall       ; inst1     ;
; 0.440  ; 0.440        ; 0.000          ; Low Pulse Width  ; inst  ; Rise       ; inst1|clk ;
; 0.500  ; 0.500        ; 0.000          ; High Pulse Width ; inst  ; Rise       ; inst|q    ;
; 0.500  ; 0.500        ; 0.000          ; Low Pulse Width  ; inst  ; Rise       ; inst|q    ;
; 0.558  ; 0.558        ; 0.000          ; High Pulse Width ; inst  ; Rise       ; inst1|clk ;
+--------+--------------+----------------+------------------+-------+------------+-----------+


+--------------------------------------------------------------------------------------------+
; Slow 1200mV 85C Model Minimum Pulse Width: 'inst1'                                         ;
+--------+--------------+----------------+------------------+-------+------------+-----------+
; Slack  ; Actual Width ; Required Width ; Type             ; Clock ; Clock Edge ; Target    ;
+--------+--------------+----------------+------------------+-------+------------+-----------+
; -1.000 ; 1.000        ; 2.000          ; Min Period       ; inst1 ; Fall       ; inst2     ;
; 0.226  ; 0.442        ; 0.216          ; High Pulse Width ; inst1 ; Fall       ; inst2     ;
; 0.373  ; 0.557        ; 0.184          ; Low Pulse Width  ; inst1 ; Fall       ; inst2     ;
; 0.434  ; 0.434        ; 0.000          ; Low Pulse Width  ; inst1 ; Rise       ; inst2|clk ;
; 0.500  ; 0.500        ; 0.000          ; High Pulse Width ; inst1 ; Rise       ; inst1|q   ;
; 0.500  ; 0.500        ; 0.000          ; Low Pulse Width  ; inst1 ; Rise       ; inst1|q   ;
; 0.564  ; 0.564        ; 0.000          ; High Pulse Width ; inst1 ; Rise       ; inst2|clk ;
+--------+--------------+----------------+------------------+-------+------------+-----------+


+--------------------------------------------------------------------------------------------+
; Slow 1200mV 85C Model Minimum Pulse Width: 'inst2'                                         ;
+--------+--------------+----------------+------------------+-------+------------+-----------+
; Slack  ; Actual Width ; Required Width ; Type             ; Clock ; Clock Edge ; Target    ;
+--------+--------------+----------------+------------------+-------+------------+-----------+
; -1.000 ; 1.000        ; 2.000          ; Min Period       ; inst2 ; Fall       ; inst3     ;
; 0.227  ; 0.443        ; 0.216          ; High Pulse Width ; inst2 ; Fall       ; inst3     ;
; 0.372  ; 0.556        ; 0.184          ; Low Pulse Width  ; inst2 ; Fall       ; inst3     ;
; 0.435  ; 0.435        ; 0.000          ; Low Pulse Width  ; inst2 ; Rise       ; inst3|clk ;
; 0.500  ; 0.500        ; 0.000          ; High Pulse Width ; inst2 ; Rise       ; inst2|q   ;
; 0.500  ; 0.500        ; 0.000          ; Low Pulse Width  ; inst2 ; Rise       ; inst2|q   ;
; 0.563  ; 0.563        ; 0.000          ; High Pulse Width ; inst2 ; Rise       ; inst3|clk ;
+--------+--------------+----------------+------------------+-------+------------+-----------+


+-----------------------------------------------------------------------+
; Clock to Output Times                                                 ;
+-----------+------------+-------+-------+------------+-----------------+
; Data Port ; Clock Port ; Rise  ; Fall  ; Clock Edge ; Clock Reference ;
+-----------+------------+-------+-------+------------+-----------------+
; Q1        ; inst       ;       ; 2.632 ; Rise       ; inst            ;
; Q1        ; inst       ; 2.663 ;       ; Fall       ; inst            ;
; Q2        ; inst1      ;       ; 2.786 ; Rise       ; inst1           ;
; Q2        ; inst1      ; 2.801 ;       ; Fall       ; inst1           ;
; Q3        ; inst2      ;       ; 3.829 ; Rise       ; inst2           ;
; Q3        ; inst2      ; 3.977 ;       ; Fall       ; inst2           ;
; Q4        ; inst2      ; 3.672 ; 3.637 ; Fall       ; inst2           ;
+-----------+------------+-------+-------+------------+-----------------+


+-----------------------------------------------------------------------+
; Minimum Clock to Output Times                                         ;
+-----------+------------+-------+-------+------------+-----------------+
; Data Port ; Clock Port ; Rise  ; Fall  ; Clock Edge ; Clock Reference ;
+-----------+------------+-------+-------+------------+-----------------+
; Q1        ; inst       ;       ; 2.616 ; Rise       ; inst            ;
; Q1        ; inst       ; 2.645 ;       ; Fall       ; inst            ;
; Q2        ; inst1      ;       ; 2.764 ; Rise       ; inst1           ;
; Q2        ; inst1      ; 2.778 ;       ; Fall       ; inst1           ;
; Q3        ; inst2      ;       ; 3.813 ; Rise       ; inst2           ;
; Q3        ; inst2      ; 3.960 ;       ; Fall       ; inst2           ;
; Q4        ; inst2      ; 3.604 ; 3.572 ; Fall       ; inst2           ;
+-----------+------------+-------+-------+------------+-----------------+


----------------------------------------------
; Slow 1200mV 85C Model Metastability Report ;
----------------------------------------------
No synchronizer chains to report.


+---------------------------------------------------------------------------------------------+
; Slow 1200mV 0C Model Fmax Summary                                                           ;
+-------------+-----------------+------------+------------------------------------------------+
; Fmax        ; Restricted Fmax ; Clock Name ; Note                                           ;
+-------------+-----------------+------------+------------------------------------------------+
; 1631.32 MHz ; 500.0 MHz       ; inst2      ; limit due to minimum period restriction (tmin) ;
+-------------+-----------------+------------+------------------------------------------------+
This panel reports FMAX for every clock in the design, regardless of the user-specified clock periods.  FMAX is only computed for paths where the source and destination registers or ports are driven by the same clock.  Paths of different clocks, including generated clocks, are ignored.  For paths between a clock and its inversion, FMAX is computed as if the rising and falling edges are scaled along with FMAX, such that the duty cycle (in terms of a percentage) is maintained. Altera recommends that you always use clock constraints and other slack reports for sign-off analysis.


+------------------------------------+
; Slow 1200mV 0C Model Setup Summary ;
+-------+-------+--------------------+
; Clock ; Slack ; End Point TNS      ;
+-------+-------+--------------------+
; C     ; 0.127 ; 0.000              ;
; inst  ; 0.274 ; 0.000              ;
; inst2 ; 0.387 ; 0.000              ;
; inst1 ; 0.420 ; 0.000              ;
+-------+-------+--------------------+


+-----------------------------------+
; Slow 1200mV 0C Model Hold Summary ;
+-------+--------+------------------+
; Clock ; Slack  ; End Point TNS    ;
+-------+--------+------------------+
; inst1 ; -0.228 ; -0.228           ;
; C     ; -0.030 ; -0.030           ;
; inst  ; 0.036  ; 0.000            ;
; inst2 ; 0.330  ; 0.000            ;
+-------+--------+------------------+


-----------------------------------------
; Slow 1200mV 0C Model Recovery Summary ;
-----------------------------------------
No paths to report.


----------------------------------------
; Slow 1200mV 0C Model Removal Summary ;
----------------------------------------
No paths to report.


+--------------------------------------------------+
; Slow 1200mV 0C Model Minimum Pulse Width Summary ;
+-------+--------+---------------------------------+
; Clock ; Slack  ; End Point TNS                   ;
+-------+--------+---------------------------------+
; C     ; -3.000 ; -4.000                          ;
; inst  ; -1.000 ; -1.000                          ;
; inst1 ; -1.000 ; -1.000                          ;
; inst2 ; -1.000 ; -1.000                          ;
+-------+--------+---------------------------------+


+---------------------------------------------------------------------------------------------------+
; Slow 1200mV 0C Model Setup: 'C'                                                                   ;
+-------+-----------+---------+--------------+-------------+--------------+------------+------------+
; Slack ; From Node ; To Node ; Launch Clock ; Latch Clock ; Relationship ; Clock Skew ; Data Delay ;
+-------+-----------+---------+--------------+-------------+--------------+------------+------------+
; 0.127 ; inst      ; inst    ; inst         ; C           ; 0.500        ; 1.855      ; 2.403      ;
; 0.610 ; inst      ; inst    ; inst         ; C           ; 1.000        ; 1.855      ; 2.420      ;
+-------+-----------+---------+--------------+-------------+--------------+------------+------------+


+---------------------------------------------------------------------------------------------------+
; Slow 1200mV 0C Model Setup: 'inst'                                                                ;
+-------+-----------+---------+--------------+-------------+--------------+------------+------------+
; Slack ; From Node ; To Node ; Launch Clock ; Latch Clock ; Relationship ; Clock Skew ; Data Delay ;
+-------+-----------+---------+--------------+-------------+--------------+------------+------------+
; 0.274 ; inst1     ; inst1   ; inst1        ; inst        ; 0.500        ; 0.715      ; 1.136      ;
; 0.748 ; inst1     ; inst1   ; inst1        ; inst        ; 1.000        ; 0.715      ; 1.162      ;
+-------+-----------+---------+--------------+-------------+--------------+------------+------------+


+---------------------------------------------------------------------------------------------------+
; Slow 1200mV 0C Model Setup: 'inst2'                                                               ;
+-------+-----------+---------+--------------+-------------+--------------+------------+------------+
; Slack ; From Node ; To Node ; Launch Clock ; Latch Clock ; Relationship ; Clock Skew ; Data Delay ;
+-------+-----------+---------+--------------+-------------+--------------+------------+------------+
; 0.387 ; inst3     ; inst3   ; inst2        ; inst2       ; 1.000        ; -0.045     ; 0.583      ;
+-------+-----------+---------+--------------+-------------+--------------+------------+------------+


+---------------------------------------------------------------------------------------------------+
; Slow 1200mV 0C Model Setup: 'inst1'                                                               ;
+-------+-----------+---------+--------------+-------------+--------------+------------+------------+
; Slack ; From Node ; To Node ; Launch Clock ; Latch Clock ; Relationship ; Clock Skew ; Data Delay ;
+-------+-----------+---------+--------------+-------------+--------------+------------+------------+
; 0.420 ; inst2     ; inst2   ; inst2        ; inst1       ; 0.500        ; 1.080      ; 1.355      ;
; 0.924 ; inst2     ; inst2   ; inst2        ; inst1       ; 1.000        ; 1.080      ; 1.351      ;
+-------+-----------+---------+--------------+-------------+--------------+------------+------------+


+----------------------------------------------------------------------------------------------------+
; Slow 1200mV 0C Model Hold: 'inst1'                                                                 ;
+--------+-----------+---------+--------------+-------------+--------------+------------+------------+
; Slack  ; From Node ; To Node ; Launch Clock ; Latch Clock ; Relationship ; Clock Skew ; Data Delay ;
+--------+-----------+---------+--------------+-------------+--------------+------------+------------+
; -0.228 ; inst2     ; inst2   ; inst2        ; inst1       ; 0.000        ; 1.140      ; 1.236      ;
; 0.249  ; inst2     ; inst2   ; inst2        ; inst1       ; -0.500       ; 1.140      ; 1.213      ;
+--------+-----------+---------+--------------+-------------+--------------+------------+------------+


+----------------------------------------------------------------------------------------------------+
; Slow 1200mV 0C Model Hold: 'C'                                                                     ;
+--------+-----------+---------+--------------+-------------+--------------+------------+------------+
; Slack  ; From Node ; To Node ; Launch Clock ; Latch Clock ; Relationship ; Clock Skew ; Data Delay ;
+--------+-----------+---------+--------------+-------------+--------------+------------+------------+
; -0.030 ; inst      ; inst    ; inst         ; C           ; 0.000        ; 1.920      ; 2.234      ;
; 0.479  ; inst      ; inst    ; inst         ; C           ; -0.500       ; 1.920      ; 2.243      ;
+--------+-----------+---------+--------------+-------------+--------------+------------+------------+


+---------------------------------------------------------------------------------------------------+
; Slow 1200mV 0C Model Hold: 'inst'                                                                 ;
+-------+-----------+---------+--------------+-------------+--------------+------------+------------+
; Slack ; From Node ; To Node ; Launch Clock ; Latch Clock ; Relationship ; Clock Skew ; Data Delay ;
+-------+-----------+---------+--------------+-------------+--------------+------------+------------+
; 0.036 ; inst1     ; inst1   ; inst1        ; inst        ; 0.000        ; 0.761      ; 1.121      ;
; 0.512 ; inst1     ; inst1   ; inst1        ; inst        ; -0.500       ; 0.761      ; 1.097      ;
+-------+-----------+---------+--------------+-------------+--------------+------------+------------+


+---------------------------------------------------------------------------------------------------+
; Slow 1200mV 0C Model Hold: 'inst2'                                                                ;
+-------+-----------+---------+--------------+-------------+--------------+------------+------------+
; Slack ; From Node ; To Node ; Launch Clock ; Latch Clock ; Relationship ; Clock Skew ; Data Delay ;
+-------+-----------+---------+--------------+-------------+--------------+------------+------------+
; 0.330 ; inst3     ; inst3   ; inst2        ; inst2       ; 0.000        ; 0.045      ; 0.519      ;
+-------+-----------+---------+--------------+-------------+--------------+------------+------------+


+--------------------------------------------------------------------------------------------+
; Slow 1200mV 0C Model Minimum Pulse Width: 'C'                                              ;
+--------+--------------+----------------+------------------+-------+------------+-----------+
; Slack  ; Actual Width ; Required Width ; Type             ; Clock ; Clock Edge ; Target    ;
+--------+--------------+----------------+------------------+-------+------------+-----------+
; -3.000 ; 1.000        ; 4.000          ; Port Rate        ; C     ; Rise       ; C         ;
; -1.000 ; 1.000        ; 2.000          ; Min Period       ; C     ; Rise       ; inst      ;
; 0.214  ; 0.398        ; 0.184          ; Low Pulse Width  ; C     ; Rise       ; inst      ;
; 0.339  ; 0.339        ; 0.000          ; Low Pulse Width  ; C     ; Rise       ; C~input|o ;
; 0.374  ; 0.374        ; 0.000          ; Low Pulse Width  ; C     ; Rise       ; inst|clk  ;
; 0.385  ; 0.601        ; 0.216          ; High Pulse Width ; C     ; Rise       ; inst      ;
; 0.500  ; 0.500        ; 0.000          ; High Pulse Width ; C     ; Rise       ; C~input|i ;
; 0.500  ; 0.500        ; 0.000          ; Low Pulse Width  ; C     ; Rise       ; C~input|i ;
; 0.625  ; 0.625        ; 0.000          ; High Pulse Width ; C     ; Rise       ; inst|clk  ;
; 0.661  ; 0.661        ; 0.000          ; High Pulse Width ; C     ; Rise       ; C~input|o ;
+--------+--------------+----------------+------------------+-------+------------+-----------+


+--------------------------------------------------------------------------------------------+
; Slow 1200mV 0C Model Minimum Pulse Width: 'inst'                                           ;
+--------+--------------+----------------+------------------+-------+------------+-----------+
; Slack  ; Actual Width ; Required Width ; Type             ; Clock ; Clock Edge ; Target    ;
+--------+--------------+----------------+------------------+-------+------------+-----------+
; -1.000 ; 1.000        ; 2.000          ; Min Period       ; inst  ; Fall       ; inst1     ;
; 0.246  ; 0.462        ; 0.216          ; High Pulse Width ; inst  ; Fall       ; inst1     ;
; 0.353  ; 0.537        ; 0.184          ; Low Pulse Width  ; inst  ; Fall       ; inst1     ;
; 0.447  ; 0.447        ; 0.000          ; Low Pulse Width  ; inst  ; Rise       ; inst1|clk ;
; 0.500  ; 0.500        ; 0.000          ; High Pulse Width ; inst  ; Rise       ; inst|q    ;
; 0.500  ; 0.500        ; 0.000          ; Low Pulse Width  ; inst  ; Rise       ; inst|q    ;
; 0.551  ; 0.551        ; 0.000          ; High Pulse Width ; inst  ; Rise       ; inst1|clk ;
+--------+--------------+----------------+------------------+-------+------------+-----------+


+--------------------------------------------------------------------------------------------+
; Slow 1200mV 0C Model Minimum Pulse Width: 'inst1'                                          ;
+--------+--------------+----------------+------------------+-------+------------+-----------+
; Slack  ; Actual Width ; Required Width ; Type             ; Clock ; Clock Edge ; Target    ;
+--------+--------------+----------------+------------------+-------+------------+-----------+
; -1.000 ; 1.000        ; 2.000          ; Min Period       ; inst1 ; Fall       ; inst2     ;
; 0.272  ; 0.488        ; 0.216          ; High Pulse Width ; inst1 ; Fall       ; inst2     ;
; 0.328  ; 0.512        ; 0.184          ; Low Pulse Width  ; inst1 ; Fall       ; inst2     ;
; 0.473  ; 0.473        ; 0.000          ; Low Pulse Width  ; inst1 ; Rise       ; inst2|clk ;
; 0.500  ; 0.500        ; 0.000          ; High Pulse Width ; inst1 ; Rise       ; inst1|q   ;
; 0.500  ; 0.500        ; 0.000          ; Low Pulse Width  ; inst1 ; Rise       ; inst1|q   ;
; 0.526  ; 0.526        ; 0.000          ; High Pulse Width ; inst1 ; Rise       ; inst2|clk ;
+--------+--------------+----------------+------------------+-------+------------+-----------+


+--------------------------------------------------------------------------------------------+
; Slow 1200mV 0C Model Minimum Pulse Width: 'inst2'                                          ;
+--------+--------------+----------------+------------------+-------+------------+-----------+
; Slack  ; Actual Width ; Required Width ; Type             ; Clock ; Clock Edge ; Target    ;
+--------+--------------+----------------+------------------+-------+------------+-----------+
; -1.000 ; 1.000        ; 2.000          ; Min Period       ; inst2 ; Fall       ; inst3     ;
; 0.242  ; 0.458        ; 0.216          ; High Pulse Width ; inst2 ; Fall       ; inst3     ;
; 0.357  ; 0.541        ; 0.184          ; Low Pulse Width  ; inst2 ; Fall       ; inst3     ;
; 0.443  ; 0.443        ; 0.000          ; Low Pulse Width  ; inst2 ; Rise       ; inst3|clk ;
; 0.500  ; 0.500        ; 0.000          ; High Pulse Width ; inst2 ; Rise       ; inst2|q   ;
; 0.500  ; 0.500        ; 0.000          ; Low Pulse Width  ; inst2 ; Rise       ; inst2|q   ;
; 0.555  ; 0.555        ; 0.000          ; High Pulse Width ; inst2 ; Rise       ; inst3|clk ;
+--------+--------------+----------------+------------------+-------+------------+-----------+


+-----------------------------------------------------------------------+
; Clock to Output Times                                                 ;
+-----------+------------+-------+-------+------------+-----------------+
; Data Port ; Clock Port ; Rise  ; Fall  ; Clock Edge ; Clock Reference ;
+-----------+------------+-------+-------+------------+-----------------+
; Q1        ; inst       ;       ; 2.597 ; Rise       ; inst            ;
; Q1        ; inst       ; 2.612 ;       ; Fall       ; inst            ;
; Q2        ; inst1      ;       ; 2.753 ; Rise       ; inst1           ;
; Q2        ; inst1      ; 2.736 ;       ; Fall       ; inst1           ;
; Q3        ; inst2      ;       ; 3.795 ; Rise       ; inst2           ;
; Q3        ; inst2      ; 3.925 ;       ; Fall       ; inst2           ;
; Q4        ; inst2      ; 3.516 ; 3.498 ; Fall       ; inst2           ;
+-----------+------------+-------+-------+------------+-----------------+


+-----------------------------------------------------------------------+
; Minimum Clock to Output Times                                         ;
+-----------+------------+-------+-------+------------+-----------------+
; Data Port ; Clock Port ; Rise  ; Fall  ; Clock Edge ; Clock Reference ;
+-----------+------------+-------+-------+------------+-----------------+
; Q1        ; inst       ;       ; 2.582 ; Rise       ; inst            ;
; Q1        ; inst       ; 2.596 ;       ; Fall       ; inst            ;
; Q2        ; inst1      ;       ; 2.732 ; Rise       ; inst1           ;
; Q2        ; inst1      ; 2.715 ;       ; Fall       ; inst1           ;
; Q3        ; inst2      ;       ; 3.781 ; Rise       ; inst2           ;
; Q3        ; inst2      ; 3.909 ;       ; Fall       ; inst2           ;
; Q4        ; inst2      ; 3.457 ; 3.440 ; Fall       ; inst2           ;
+-----------+------------+-------+-------+------------+-----------------+


---------------------------------------------
; Slow 1200mV 0C Model Metastability Report ;
---------------------------------------------
No synchronizer chains to report.


+------------------------------------+
; Fast 1200mV 0C Model Setup Summary ;
+-------+-------+--------------------+
; Clock ; Slack ; End Point TNS      ;
+-------+-------+--------------------+
; C     ; 0.199 ; 0.000              ;
; inst  ; 0.401 ; 0.000              ;
; inst1 ; 0.502 ; 0.000              ;
; inst2 ; 0.617 ; 0.000              ;
+-------+-------+--------------------+


+-----------------------------------+
; Fast 1200mV 0C Model Hold Summary ;
+-------+--------+------------------+
; Clock ; Slack  ; End Point TNS    ;
+-------+--------+------------------+
; inst1 ; -0.199 ; -0.199           ;
; inst  ; 0.000  ; 0.000            ;
; C     ; 0.037  ; 0.000            ;
; inst2 ; 0.199  ; 0.000            ;
+-------+--------+------------------+


-----------------------------------------
; Fast 1200mV 0C Model Recovery Summary ;
-----------------------------------------
No paths to report.


----------------------------------------
; Fast 1200mV 0C Model Removal Summary ;
----------------------------------------
No paths to report.


+--------------------------------------------------+
; Fast 1200mV 0C Model Minimum Pulse Width Summary ;
+-------+--------+---------------------------------+
; Clock ; Slack  ; End Point TNS                   ;
+-------+--------+---------------------------------+
; C     ; -3.000 ; -4.101                          ;
; inst  ; -1.000 ; -1.000                          ;
; inst1 ; -1.000 ; -1.000                          ;
; inst2 ; -1.000 ; -1.000                          ;
+-------+--------+---------------------------------+


+---------------------------------------------------------------------------------------------------+
; Fast 1200mV 0C Model Setup: 'C'                                                                   ;
+-------+-----------+---------+--------------+-------------+--------------+------------+------------+
; Slack ; From Node ; To Node ; Launch Clock ; Latch Clock ; Relationship ; Clock Skew ; Data Delay ;
+-------+-----------+---------+--------------+-------------+--------------+------------+------------+
; 0.199 ; inst      ; inst    ; inst         ; C           ; 0.500        ; 1.055      ; 1.448      ;
; 0.691 ; inst      ; inst    ; inst         ; C           ; 1.000        ; 1.055      ; 1.456      ;
+-------+-----------+---------+--------------+-------------+--------------+------------+------------+


+---------------------------------------------------------------------------------------------------+
; Fast 1200mV 0C Model Setup: 'inst'                                                                ;
+-------+-----------+---------+--------------+-------------+--------------+------------+------------+
; Slack ; From Node ; To Node ; Launch Clock ; Latch Clock ; Relationship ; Clock Skew ; Data Delay ;
+-------+-----------+---------+--------------+-------------+--------------+------------+------------+
; 0.401 ; inst1     ; inst1   ; inst1        ; inst        ; 0.500        ; 0.453      ; 0.664      ;
; 0.868 ; inst1     ; inst1   ; inst1        ; inst        ; 1.000        ; 0.453      ; 0.697      ;
+-------+-----------+---------+--------------+-------------+--------------+------------+------------+


+---------------------------------------------------------------------------------------------------+
; Fast 1200mV 0C Model Setup: 'inst1'                                                               ;
+-------+-----------+---------+--------------+-------------+--------------+------------+------------+
; Slack ; From Node ; To Node ; Launch Clock ; Latch Clock ; Relationship ; Clock Skew ; Data Delay ;
+-------+-----------+---------+--------------+-------------+--------------+------------+------------+
; 0.502 ; inst2     ; inst2   ; inst2        ; inst1       ; 0.500        ; 0.712      ; 0.822      ;
; 1.012 ; inst2     ; inst2   ; inst2        ; inst1       ; 1.000        ; 0.712      ; 0.812      ;
+-------+-----------+---------+--------------+-------------+--------------+------------+------------+


+---------------------------------------------------------------------------------------------------+
; Fast 1200mV 0C Model Setup: 'inst2'                                                               ;
+-------+-----------+---------+--------------+-------------+--------------+------------+------------+
; Slack ; From Node ; To Node ; Launch Clock ; Latch Clock ; Relationship ; Clock Skew ; Data Delay ;
+-------+-----------+---------+--------------+-------------+--------------+------------+------------+
; 0.617 ; inst3     ; inst3   ; inst2        ; inst2       ; 1.000        ; -0.031     ; 0.359      ;
+-------+-----------+---------+--------------+-------------+--------------+------------+------------+


+----------------------------------------------------------------------------------------------------+
; Fast 1200mV 0C Model Hold: 'inst1'                                                                 ;
+--------+-----------+---------+--------------+-------------+--------------+------------+------------+
; Slack  ; From Node ; To Node ; Launch Clock ; Latch Clock ; Relationship ; Clock Skew ; Data Delay ;
+--------+-----------+---------+--------------+-------------+--------------+------------+------------+
; -0.199 ; inst2     ; inst2   ; inst2        ; inst1       ; 0.000        ; 0.754      ; 0.744      ;
; 0.288  ; inst2     ; inst2   ; inst2        ; inst1       ; -0.500       ; 0.754      ; 0.731      ;
+--------+-----------+---------+--------------+-------------+--------------+------------+------------+


+---------------------------------------------------------------------------------------------------+
; Fast 1200mV 0C Model Hold: 'inst'                                                                 ;
+-------+-----------+---------+--------------+-------------+--------------+------------+------------+
; Slack ; From Node ; To Node ; Launch Clock ; Latch Clock ; Relationship ; Clock Skew ; Data Delay ;
+-------+-----------+---------+--------------+-------------+--------------+------------+------------+
; 0.000 ; inst1     ; inst1   ; inst1        ; inst        ; 0.000        ; 0.484      ; 0.673      ;
; 0.470 ; inst1     ; inst1   ; inst1        ; inst        ; -0.500       ; 0.484      ; 0.643      ;
+-------+-----------+---------+--------------+-------------+--------------+------------+------------+


+---------------------------------------------------------------------------------------------------+
; Fast 1200mV 0C Model Hold: 'C'                                                                    ;
+-------+-----------+---------+--------------+-------------+--------------+------------+------------+
; Slack ; From Node ; To Node ; Launch Clock ; Latch Clock ; Relationship ; Clock Skew ; Data Delay ;
+-------+-----------+---------+--------------+-------------+--------------+------------+------------+
; 0.037 ; inst      ; inst    ; inst         ; C           ; 0.000        ; 1.098      ; 1.344      ;
; 0.547 ; inst      ; inst    ; inst         ; C           ; -0.500       ; 1.098      ; 1.354      ;
+-------+-----------+---------+--------------+-------------+--------------+------------+------------+


+---------------------------------------------------------------------------------------------------+
; Fast 1200mV 0C Model Hold: 'inst2'                                                                ;
+-------+-----------+---------+--------------+-------------+--------------+------------+------------+
; Slack ; From Node ; To Node ; Launch Clock ; Latch Clock ; Relationship ; Clock Skew ; Data Delay ;
+-------+-----------+---------+--------------+-------------+--------------+------------+------------+
; 0.199 ; inst3     ; inst3   ; inst2        ; inst2       ; 0.000        ; 0.031      ; 0.314      ;
+-------+-----------+---------+--------------+-------------+--------------+------------+------------+


+--------------------------------------------------------------------------------------------+
; Fast 1200mV 0C Model Minimum Pulse Width: 'C'                                              ;
+--------+--------------+----------------+------------------+-------+------------+-----------+
; Slack  ; Actual Width ; Required Width ; Type             ; Clock ; Clock Edge ; Target    ;
+--------+--------------+----------------+------------------+-------+------------+-----------+
; -3.000 ; 1.000        ; 4.000          ; Port Rate        ; C     ; Rise       ; C         ;
; -1.000 ; 1.000        ; 2.000          ; Min Period       ; C     ; Rise       ; inst      ;
; -0.101 ; 0.083        ; 0.184          ; Low Pulse Width  ; C     ; Rise       ; inst      ;
; 0.078  ; 0.078        ; 0.000          ; Low Pulse Width  ; C     ; Rise       ; inst|clk  ;
; 0.118  ; 0.118        ; 0.000          ; Low Pulse Width  ; C     ; Rise       ; C~input|o ;
; 0.500  ; 0.500        ; 0.000          ; High Pulse Width ; C     ; Rise       ; C~input|i ;
; 0.500  ; 0.500        ; 0.000          ; Low Pulse Width  ; C     ; Rise       ; C~input|i ;
; 0.700  ; 0.916        ; 0.216          ; High Pulse Width ; C     ; Rise       ; inst      ;
; 0.882  ; 0.882        ; 0.000          ; High Pulse Width ; C     ; Rise       ; C~input|o ;
; 0.921  ; 0.921        ; 0.000          ; High Pulse Width ; C     ; Rise       ; inst|clk  ;
+--------+--------------+----------------+------------------+-------+------------+-----------+


+--------------------------------------------------------------------------------------------+
; Fast 1200mV 0C Model Minimum Pulse Width: 'inst'                                           ;
+--------+--------------+----------------+------------------+-------+------------+-----------+
; Slack  ; Actual Width ; Required Width ; Type             ; Clock ; Clock Edge ; Target    ;
+--------+--------------+----------------+------------------+-------+------------+-----------+
; -1.000 ; 1.000        ; 2.000          ; Min Period       ; inst  ; Fall       ; inst1     ;
; 0.248  ; 0.464        ; 0.216          ; High Pulse Width ; inst  ; Fall       ; inst1     ;
; 0.352  ; 0.536        ; 0.184          ; Low Pulse Width  ; inst  ; Fall       ; inst1     ;
; 0.469  ; 0.469        ; 0.000          ; Low Pulse Width  ; inst  ; Rise       ; inst1|clk ;
; 0.500  ; 0.500        ; 0.000          ; High Pulse Width ; inst  ; Rise       ; inst|q    ;
; 0.500  ; 0.500        ; 0.000          ; Low Pulse Width  ; inst  ; Rise       ; inst|q    ;
; 0.530  ; 0.530        ; 0.000          ; High Pulse Width ; inst  ; Rise       ; inst1|clk ;
+--------+--------------+----------------+------------------+-------+------------+-----------+


+--------------------------------------------------------------------------------------------+
; Fast 1200mV 0C Model Minimum Pulse Width: 'inst1'                                          ;
+--------+--------------+----------------+------------------+-------+------------+-----------+
; Slack  ; Actual Width ; Required Width ; Type             ; Clock ; Clock Edge ; Target    ;
+--------+--------------+----------------+------------------+-------+------------+-----------+
; -1.000 ; 1.000        ; 2.000          ; Min Period       ; inst1 ; Fall       ; inst2     ;
; 0.213  ; 0.429        ; 0.216          ; High Pulse Width ; inst1 ; Fall       ; inst2     ;
; 0.385  ; 0.569        ; 0.184          ; Low Pulse Width  ; inst1 ; Fall       ; inst2     ;
; 0.434  ; 0.434        ; 0.000          ; Low Pulse Width  ; inst1 ; Rise       ; inst2|clk ;
; 0.500  ; 0.500        ; 0.000          ; High Pulse Width ; inst1 ; Rise       ; inst1|q   ;
; 0.500  ; 0.500        ; 0.000          ; Low Pulse Width  ; inst1 ; Rise       ; inst1|q   ;
; 0.563  ; 0.563        ; 0.000          ; High Pulse Width ; inst1 ; Rise       ; inst2|clk ;
+--------+--------------+----------------+------------------+-------+------------+-----------+


+--------------------------------------------------------------------------------------------+
; Fast 1200mV 0C Model Minimum Pulse Width: 'inst2'                                          ;
+--------+--------------+----------------+------------------+-------+------------+-----------+
; Slack  ; Actual Width ; Required Width ; Type             ; Clock ; Clock Edge ; Target    ;
+--------+--------------+----------------+------------------+-------+------------+-----------+
; -1.000 ; 1.000        ; 2.000          ; Min Period       ; inst2 ; Fall       ; inst3     ;
; 0.244  ; 0.460        ; 0.216          ; High Pulse Width ; inst2 ; Fall       ; inst3     ;
; 0.355  ; 0.539        ; 0.184          ; Low Pulse Width  ; inst2 ; Fall       ; inst3     ;
; 0.465  ; 0.465        ; 0.000          ; Low Pulse Width  ; inst2 ; Rise       ; inst3|clk ;
; 0.500  ; 0.500        ; 0.000          ; High Pulse Width ; inst2 ; Rise       ; inst2|q   ;
; 0.500  ; 0.500        ; 0.000          ; Low Pulse Width  ; inst2 ; Rise       ; inst2|q   ;
; 0.533  ; 0.533        ; 0.000          ; High Pulse Width ; inst2 ; Rise       ; inst3|clk ;
+--------+--------------+----------------+------------------+-------+------------+-----------+


+-----------------------------------------------------------------------+
; Clock to Output Times                                                 ;
+-----------+------------+-------+-------+------------+-----------------+
; Data Port ; Clock Port ; Rise  ; Fall  ; Clock Edge ; Clock Reference ;
+-----------+------------+-------+-------+------------+-----------------+
; Q1        ; inst       ;       ; 1.678 ; Rise       ; inst            ;
; Q1        ; inst       ; 1.699 ;       ; Fall       ; inst            ;
; Q2        ; inst1      ;       ; 1.751 ; Rise       ; inst1           ;
; Q2        ; inst1      ; 1.778 ;       ; Fall       ; inst1           ;
; Q3        ; inst2      ;       ; 2.492 ; Rise       ; inst2           ;
; Q3        ; inst2      ; 2.661 ;       ; Fall       ; inst2           ;
; Q4        ; inst2      ; 2.270 ; 2.247 ; Fall       ; inst2           ;
+-----------+------------+-------+-------+------------+-----------------+


+-----------------------------------------------------------------------+
; Minimum Clock to Output Times                                         ;
+-----------+------------+-------+-------+------------+-----------------+
; Data Port ; Clock Port ; Rise  ; Fall  ; Clock Edge ; Clock Reference ;
+-----------+------------+-------+-------+------------+-----------------+
; Q1        ; inst       ;       ; 1.670 ; Rise       ; inst            ;
; Q1        ; inst       ; 1.689 ;       ; Fall       ; inst            ;
; Q2        ; inst1      ;       ; 1.740 ; Rise       ; inst1           ;
; Q2        ; inst1      ; 1.765 ;       ; Fall       ; inst1           ;
; Q3        ; inst2      ;       ; 2.484 ; Rise       ; inst2           ;
; Q3        ; inst2      ; 2.651 ;       ; Fall       ; inst2           ;
; Q4        ; inst2      ; 2.230 ; 2.208 ; Fall       ; inst2           ;
+-----------+------------+-------+-------+------------+-----------------+


---------------------------------------------
; Fast 1200mV 0C Model Metastability Report ;
---------------------------------------------
No synchronizer chains to report.


+------------------------------------------------------------------------------+
; Multicorner Timing Analysis Summary                                          ;
+------------------+-------+--------+----------+---------+---------------------+
; Clock            ; Setup ; Hold   ; Recovery ; Removal ; Minimum Pulse Width ;
+------------------+-------+--------+----------+---------+---------------------+
; Worst-case Slack ; 0.007 ; -0.264 ; N/A      ; N/A     ; -3.000              ;
;  C               ; 0.007 ; -0.030 ; N/A      ; N/A     ; -3.000              ;
;  inst            ; 0.258 ; 0.000  ; N/A      ; N/A     ; -1.000              ;
;  inst1           ; 0.415 ; -0.264 ; N/A      ; N/A     ; -1.000              ;
;  inst2           ; 0.305 ; 0.199  ; N/A      ; N/A     ; -1.000              ;
; Design-wide TNS  ; 0.0   ; -0.264 ; 0.0      ; 0.0     ; -7.101              ;
;  C               ; 0.000 ; -0.030 ; N/A      ; N/A     ; -4.101              ;
;  inst            ; 0.000 ; 0.000  ; N/A      ; N/A     ; -1.000              ;
;  inst1           ; 0.000 ; -0.264 ; N/A      ; N/A     ; -1.000              ;
;  inst2           ; 0.000 ; 0.000  ; N/A      ; N/A     ; -1.000              ;
+------------------+-------+--------+----------+---------+---------------------+


+-----------------------------------------------------------------------+
; Clock to Output Times                                                 ;
+-----------+------------+-------+-------+------------+-----------------+
; Data Port ; Clock Port ; Rise  ; Fall  ; Clock Edge ; Clock Reference ;
+-----------+------------+-------+-------+------------+-----------------+
; Q1        ; inst       ;       ; 2.632 ; Rise       ; inst            ;
; Q1        ; inst       ; 2.663 ;       ; Fall       ; inst            ;
; Q2        ; inst1      ;       ; 2.786 ; Rise       ; inst1           ;
; Q2        ; inst1      ; 2.801 ;       ; Fall       ; inst1           ;
; Q3        ; inst2      ;       ; 3.829 ; Rise       ; inst2           ;
; Q3        ; inst2      ; 3.977 ;       ; Fall       ; inst2           ;
; Q4        ; inst2      ; 3.672 ; 3.637 ; Fall       ; inst2           ;
+-----------+------------+-------+-------+------------+-----------------+


+-----------------------------------------------------------------------+
; Minimum Clock to Output Times                                         ;
+-----------+------------+-------+-------+------------+-----------------+
; Data Port ; Clock Port ; Rise  ; Fall  ; Clock Edge ; Clock Reference ;
+-----------+------------+-------+-------+------------+-----------------+
; Q1        ; inst       ;       ; 1.670 ; Rise       ; inst            ;
; Q1        ; inst       ; 1.689 ;       ; Fall       ; inst            ;
; Q2        ; inst1      ;       ; 1.740 ; Rise       ; inst1           ;
; Q2        ; inst1      ; 1.765 ;       ; Fall       ; inst1           ;
; Q3        ; inst2      ;       ; 2.484 ; Rise       ; inst2           ;
; Q3        ; inst2      ; 2.651 ;       ; Fall       ; inst2           ;
; Q4        ; inst2      ; 2.230 ; 2.208 ; Fall       ; inst2           ;
+-----------+------------+-------+-------+------------+-----------------+


+------------------------------------------------------------------------------------------------------------------------------------------------------------------------------------------------------------------------------------------------------------------------------------------------------------------------------------------------------------------+
; Board Trace Model Assignments                                                                                                                                                                                                                                                                                                                                    ;
+---------------+--------------+-------------------+-------------------------+-------------------------+---------------+---------------------+----------------+------------------+--------+------------------+------------------------+------------------------+--------------+---------------+-----------------+-------+---------------------+--------------------+
; Pin           ; I/O Standard ; Near Tline Length ; Near Tline L per Length ; Near Tline C per Length ; Near Series R ; Near Differential R ; Near Pull-up R ; Near Pull-down R ; Near C ; Far Tline Length ; Far Tline L per Length ; Far Tline C per Length ; Far Series R ; Far Pull-up R ; Far Pull-down R ; Far C ; Termination Voltage ; Far Differential R ;
+---------------+--------------+-------------------+-------------------------+-------------------------+---------------+---------------------+----------------+------------------+--------+------------------+------------------------+------------------------+--------------+---------------+-----------------+-------+---------------------+--------------------+
; Q1            ; 2.5 V        ; 0 in              ; 0 H/in                  ; 0 F/in                  ; short         ; -                   ; open           ; open             ; open   ; 0 in             ; 0 H/in                 ; 0 F/in                 ; short        ; open          ; open            ; open  ; 0 V                 ; -                  ;
; Q2            ; 2.5 V        ; 0 in              ; 0 H/in                  ; 0 F/in                  ; short         ; -                   ; open           ; open             ; open   ; 0 in             ; 0 H/in                 ; 0 F/in                 ; short        ; open          ; open            ; open  ; 0 V                 ; -                  ;
; Q3            ; 2.5 V        ; 0 in              ; 0 H/in                  ; 0 F/in                  ; short         ; -                   ; open           ; open             ; open   ; 0 in             ; 0 H/in                 ; 0 F/in                 ; short        ; open          ; open            ; open  ; 0 V                 ; -                  ;
; Q4            ; 2.5 V        ; 0 in              ; 0 H/in                  ; 0 F/in                  ; short         ; -                   ; open           ; open             ; open   ; 0 in             ; 0 H/in                 ; 0 F/in                 ; short        ; open          ; open            ; open  ; 0 V                 ; -                  ;
; ~ALTERA_DCLK~ ; 2.5 V        ; 0 in              ; 0 H/in                  ; 0 F/in                  ; short         ; -                   ; open           ; open             ; open   ; 0 in             ; 0 H/in                 ; 0 F/in                 ; short        ; open          ; open            ; open  ; 0 V                 ; -                  ;
; ~ALTERA_nCEO~ ; 2.5 V        ; 0 in              ; 0 H/in                  ; 0 F/in                  ; short         ; -                   ; open           ; open             ; open   ; 0 in             ; 0 H/in                 ; 0 F/in                 ; short        ; open          ; open            ; open  ; 0 V                 ; -                  ;
+---------------+--------------+-------------------+-------------------------+-------------------------+---------------+---------------------+----------------+------------------+--------+------------------+------------------------+------------------------+--------------+---------------+-----------------+-------+---------------------+--------------------+


+----------------------------------------------------------------------------+
; Input Transition Times                                                     ;
+-------------------------+--------------+-----------------+-----------------+
; Pin                     ; I/O Standard ; 10-90 Rise Time ; 90-10 Fall Time ;
+-------------------------+--------------+-----------------+-----------------+
; C                       ; 2.5 V        ; 2000 ps         ; 2000 ps         ;
; ~ALTERA_ASDO_DATA1~     ; 2.5 V        ; 2000 ps         ; 2000 ps         ;
; ~ALTERA_FLASH_nCE_nCSO~ ; 2.5 V        ; 2000 ps         ; 2000 ps         ;
; ~ALTERA_DATA0~          ; 2.5 V        ; 2000 ps         ; 2000 ps         ;
+-------------------------+--------------+-----------------+-----------------+


+--------------------------------------------------------------------------------------------------------------------------------------------------------------------------------------------------------------------------------------------------------------------------------------------------------------------------------------------------------------------------------------------------------------------------------------------------------------------------------------------------------------------------------------------------------------------------------------------------------------------------------------------------------------------------------------------+
; Slow Corner Signal Integrity Metrics                                                                                                                                                                                                                                                                                                                                                                                                                                                                                                                                                                                                                                                       ;
+---------------+--------------+---------------------+---------------------+------------------------------+------------------------------+---------------------+---------------------+--------------------------------------+--------------------------------------+-----------------------------+-----------------------------+----------------------------+----------------------------+-----------------------------+-----------------------------+--------------------+--------------------+-------------------------------------+-------------------------------------+----------------------------+----------------------------+---------------------------+---------------------------+
; Pin           ; I/O Standard ; Board Delay on Rise ; Board Delay on Fall ; Steady State Voh at FPGA Pin ; Steady State Vol at FPGA Pin ; Voh Max at FPGA Pin ; Vol Min at FPGA Pin ; Ringback Voltage on Rise at FPGA Pin ; Ringback Voltage on Fall at FPGA Pin ; 10-90 Rise Time at FPGA Pin ; 90-10 Fall Time at FPGA Pin ; Monotonic Rise at FPGA Pin ; Monotonic Fall at FPGA Pin ; Steady State Voh at Far-end ; Steady State Vol at Far-end ; Voh Max at Far-end ; Vol Min at Far-end ; Ringback Voltage on Rise at Far-end ; Ringback Voltage on Fall at Far-end ; 10-90 Rise Time at Far-end ; 90-10 Fall Time at Far-end ; Monotonic Rise at Far-end ; Monotonic Fall at Far-end ;
+---------------+--------------+---------------------+---------------------+------------------------------+------------------------------+---------------------+---------------------+--------------------------------------+--------------------------------------+-----------------------------+-----------------------------+----------------------------+----------------------------+-----------------------------+-----------------------------+--------------------+--------------------+-------------------------------------+-------------------------------------+----------------------------+----------------------------+---------------------------+---------------------------+
; Q1            ; 2.5 V        ; 0 s                 ; 0 s                 ; 2.32 V                       ; 7.26e-007 V                  ; 2.35 V              ; -0.0109 V           ; 0.113 V                              ; 0.035 V                              ; 7.76e-010 s                 ; 8.05e-010 s                 ; Yes                        ; Yes                        ; 2.32 V                      ; 7.26e-007 V                 ; 2.35 V             ; -0.0109 V          ; 0.113 V                             ; 0.035 V                             ; 7.76e-010 s                ; 8.05e-010 s                ; Yes                       ; Yes                       ;
; Q2            ; 2.5 V        ; 0 s                 ; 0 s                 ; 2.32 V                       ; 7.26e-007 V                  ; 2.35 V              ; -0.0109 V           ; 0.113 V                              ; 0.035 V                              ; 7.76e-010 s                 ; 8.05e-010 s                 ; Yes                        ; Yes                        ; 2.32 V                      ; 7.26e-007 V                 ; 2.35 V             ; -0.0109 V          ; 0.113 V                             ; 0.035 V                             ; 7.76e-010 s                ; 8.05e-010 s                ; Yes                       ; Yes                       ;
; Q3            ; 2.5 V        ; 0 s                 ; 0 s                 ; 2.32 V                       ; 7.26e-007 V                  ; 2.33 V              ; -0.00317 V          ; 0.162 V                              ; 0.063 V                              ; 3.54e-009 s                 ; 3.41e-009 s                 ; Yes                        ; Yes                        ; 2.32 V                      ; 7.26e-007 V                 ; 2.33 V             ; -0.00317 V         ; 0.162 V                             ; 0.063 V                             ; 3.54e-009 s                ; 3.41e-009 s                ; Yes                       ; Yes                       ;
; Q4            ; 2.5 V        ; 0 s                 ; 0 s                 ; 2.32 V                       ; 7.26e-007 V                  ; 2.35 V              ; -0.0109 V           ; 0.113 V                              ; 0.035 V                              ; 7.76e-010 s                 ; 8.05e-010 s                 ; Yes                        ; Yes                        ; 2.32 V                      ; 7.26e-007 V                 ; 2.35 V             ; -0.0109 V          ; 0.113 V                             ; 0.035 V                             ; 7.76e-010 s                ; 8.05e-010 s                ; Yes                       ; Yes                       ;
; ~ALTERA_DCLK~ ; 2.5 V        ; 0 s                 ; 0 s                 ; 2.32 V                       ; 5.68e-007 V                  ; 2.35 V              ; -0.0132 V           ; 0.2 V                                ; 0.027 V                              ; 5.26e-010 s                 ; 4.81e-010 s                 ; Yes                        ; Yes                        ; 2.32 V                      ; 5.68e-007 V                 ; 2.35 V             ; -0.0132 V          ; 0.2 V                               ; 0.027 V                             ; 5.26e-010 s                ; 4.81e-010 s                ; Yes                       ; Yes                       ;
; ~ALTERA_nCEO~ ; 2.5 V        ; 0 s                 ; 0 s                 ; 2.32 V                       ; 9.36e-007 V                  ; 2.35 V              ; -0.00447 V          ; 0.18 V                               ; 0.019 V                              ; 7.23e-010 s                 ; 9.82e-010 s                 ; Yes                        ; Yes                        ; 2.32 V                      ; 9.36e-007 V                 ; 2.35 V             ; -0.00447 V         ; 0.18 V                              ; 0.019 V                             ; 7.23e-010 s                ; 9.82e-010 s                ; Yes                       ; Yes                       ;
+---------------+--------------+---------------------+---------------------+------------------------------+------------------------------+---------------------+---------------------+--------------------------------------+--------------------------------------+-----------------------------+-----------------------------+----------------------------+----------------------------+-----------------------------+-----------------------------+--------------------+--------------------+-------------------------------------+-------------------------------------+----------------------------+----------------------------+---------------------------+---------------------------+


+--------------------------------------------------------------------------------------------------------------------------------------------------------------------------------------------------------------------------------------------------------------------------------------------------------------------------------------------------------------------------------------------------------------------------------------------------------------------------------------------------------------------------------------------------------------------------------------------------------------------------------------------------------------------------------------------+
; Fast Corner Signal Integrity Metrics                                                                                                                                                                                                                                                                                                                                                                                                                                                                                                                                                                                                                                                       ;
+---------------+--------------+---------------------+---------------------+------------------------------+------------------------------+---------------------+---------------------+--------------------------------------+--------------------------------------+-----------------------------+-----------------------------+----------------------------+----------------------------+-----------------------------+-----------------------------+--------------------+--------------------+-------------------------------------+-------------------------------------+----------------------------+----------------------------+---------------------------+---------------------------+
; Pin           ; I/O Standard ; Board Delay on Rise ; Board Delay on Fall ; Steady State Voh at FPGA Pin ; Steady State Vol at FPGA Pin ; Voh Max at FPGA Pin ; Vol Min at FPGA Pin ; Ringback Voltage on Rise at FPGA Pin ; Ringback Voltage on Fall at FPGA Pin ; 10-90 Rise Time at FPGA Pin ; 90-10 Fall Time at FPGA Pin ; Monotonic Rise at FPGA Pin ; Monotonic Fall at FPGA Pin ; Steady State Voh at Far-end ; Steady State Vol at Far-end ; Voh Max at Far-end ; Vol Min at Far-end ; Ringback Voltage on Rise at Far-end ; Ringback Voltage on Fall at Far-end ; 10-90 Rise Time at Far-end ; 90-10 Fall Time at Far-end ; Monotonic Rise at Far-end ; Monotonic Fall at Far-end ;
+---------------+--------------+---------------------+---------------------+------------------------------+------------------------------+---------------------+---------------------+--------------------------------------+--------------------------------------+-----------------------------+-----------------------------+----------------------------+----------------------------+-----------------------------+-----------------------------+--------------------+--------------------+-------------------------------------+-------------------------------------+----------------------------+----------------------------+---------------------------+---------------------------+
; Q1            ; 2.5 V        ; 0 s                 ; 0 s                 ; 2.62 V                       ; 2.78e-008 V                  ; 2.71 V              ; -0.0352 V           ; 0.253 V                              ; 0.07 V                               ; 4.96e-010 s                 ; 5.19e-010 s                 ; No                         ; Yes                        ; 2.62 V                      ; 2.78e-008 V                 ; 2.71 V             ; -0.0352 V          ; 0.253 V                             ; 0.07 V                              ; 4.96e-010 s                ; 5.19e-010 s                ; No                        ; Yes                       ;
; Q2            ; 2.5 V        ; 0 s                 ; 0 s                 ; 2.62 V                       ; 2.78e-008 V                  ; 2.71 V              ; -0.0352 V           ; 0.253 V                              ; 0.07 V                               ; 4.96e-010 s                 ; 5.19e-010 s                 ; No                         ; Yes                        ; 2.62 V                      ; 2.78e-008 V                 ; 2.71 V             ; -0.0352 V          ; 0.253 V                             ; 0.07 V                              ; 4.96e-010 s                ; 5.19e-010 s                ; No                        ; Yes                       ;
; Q3            ; 2.5 V        ; 0 s                 ; 0 s                 ; 2.62 V                       ; 2.78e-008 V                  ; 2.64 V              ; -0.0109 V           ; 0.244 V                              ; 0.16 V                               ; 2.42e-009 s                 ; 2.37e-009 s                 ; No                         ; Yes                        ; 2.62 V                      ; 2.78e-008 V                 ; 2.64 V             ; -0.0109 V          ; 0.244 V                             ; 0.16 V                              ; 2.42e-009 s                ; 2.37e-009 s                ; No                        ; Yes                       ;
; Q4            ; 2.5 V        ; 0 s                 ; 0 s                 ; 2.62 V                       ; 2.78e-008 V                  ; 2.71 V              ; -0.0352 V           ; 0.253 V                              ; 0.07 V                               ; 4.96e-010 s                 ; 5.19e-010 s                 ; No                         ; Yes                        ; 2.62 V                      ; 2.78e-008 V                 ; 2.71 V             ; -0.0352 V          ; 0.253 V                             ; 0.07 V                              ; 4.96e-010 s                ; 5.19e-010 s                ; No                        ; Yes                       ;
; ~ALTERA_DCLK~ ; 2.5 V        ; 0 s                 ; 0 s                 ; 2.62 V                       ; 2.19e-008 V                  ; 2.72 V              ; -0.0747 V           ; 0.28 V                               ; 0.169 V                              ; 3.1e-010 s                  ; 3.01e-010 s                 ; No                         ; Yes                        ; 2.62 V                      ; 2.19e-008 V                 ; 2.72 V             ; -0.0747 V          ; 0.28 V                              ; 0.169 V                             ; 3.1e-010 s                 ; 3.01e-010 s                ; No                        ; Yes                       ;
; ~ALTERA_nCEO~ ; 2.5 V        ; 0 s                 ; 0 s                 ; 2.62 V                       ; 3.53e-008 V                  ; 2.7 V               ; -0.0208 V           ; 0.204 V                              ; 0.049 V                              ; 4.85e-010 s                 ; 6.71e-010 s                 ; No                         ; Yes                        ; 2.62 V                      ; 3.53e-008 V                 ; 2.7 V              ; -0.0208 V          ; 0.204 V                             ; 0.049 V                             ; 4.85e-010 s                ; 6.71e-010 s                ; No                        ; Yes                       ;
+---------------+--------------+---------------------+---------------------+------------------------------+------------------------------+---------------------+---------------------+--------------------------------------+--------------------------------------+-----------------------------+-----------------------------+----------------------------+----------------------------+-----------------------------+-----------------------------+--------------------+--------------------+-------------------------------------+-------------------------------------+----------------------------+----------------------------+---------------------------+---------------------------+


+-------------------------------------------------------------------+
; Setup Transfers                                                   ;
+------------+----------+----------+----------+----------+----------+
; From Clock ; To Clock ; RR Paths ; FR Paths ; RF Paths ; FF Paths ;
+------------+----------+----------+----------+----------+----------+
; inst       ; C        ; 1        ; 1        ; 0        ; 0        ;
; inst1      ; inst     ; 0        ; 0        ; 1        ; 1        ;
; inst2      ; inst1    ; 0        ; 0        ; 1        ; 1        ;
; inst2      ; inst2    ; 0        ; 0        ; 0        ; 1        ;
+------------+----------+----------+----------+----------+----------+
Entries labeled "false path" only account for clock-to-clock false paths and not path-based false paths. As a result, actual path counts may be lower than reported.


+-------------------------------------------------------------------+
; Hold Transfers                                                    ;
+------------+----------+----------+----------+----------+----------+
; From Clock ; To Clock ; RR Paths ; FR Paths ; RF Paths ; FF Paths ;
+------------+----------+----------+----------+----------+----------+
; inst       ; C        ; 1        ; 1        ; 0        ; 0        ;
; inst1      ; inst     ; 0        ; 0        ; 1        ; 1        ;
; inst2      ; inst1    ; 0        ; 0        ; 1        ; 1        ;
; inst2      ; inst2    ; 0        ; 0        ; 0        ; 1        ;
+------------+----------+----------+----------+----------+----------+
Entries labeled "false path" only account for clock-to-clock false paths and not path-based false paths. As a result, actual path counts may be lower than reported.


---------------
; Report TCCS ;
---------------
No dedicated SERDES Transmitter circuitry present in device or used in design


---------------
; Report RSKM ;
---------------
No dedicated SERDES Receiver circuitry present in device or used in design


+------------------------------------------------+
; Unconstrained Paths                            ;
+---------------------------------+-------+------+
; Property                        ; Setup ; Hold ;
+---------------------------------+-------+------+
; Illegal Clocks                  ; 0     ; 0    ;
; Unconstrained Clocks            ; 0     ; 0    ;
; Unconstrained Input Ports       ; 0     ; 0    ;
; Unconstrained Input Port Paths  ; 0     ; 0    ;
; Unconstrained Output Ports      ; 4     ; 4    ;
; Unconstrained Output Port Paths ; 4     ; 4    ;
+---------------------------------+-------+------+


+------------------------------------+
; TimeQuest Timing Analyzer Messages ;
+------------------------------------+
Info: *******************************************************************
Info: Running Quartus II TimeQuest Timing Analyzer
    Info: Version 9.1 Build 350 03/24/2010 Service Pack 2 SJ Web Edition
    Info: Processing started: Tue Dec 10 16:38:37 2013
Info: Command: quartus_sta lab6_2 -c lab6_2
Info: qsta_default_script.tcl version: #1
Info: Core supply voltage is 1.2V
Info: Low junction temperature is 0 degrees C
Info: High junction temperature is 85 degrees C
Critical Warning: Synopsys Design Constraints File file not found: 'lab6_2.sdc'. A Synopsys Design Constraints File is required by the TimeQuest Timing Analyzer to get proper timing constraints. Without it, the Compiler will not properly optimize the design.
Info: No user constrained base clocks found in the design. Calling "derive_clocks -period 1.0"
Info: Deriving Clocks
    Info: create_clock -period 1.000 -name C C
    Info: create_clock -period 1.000 -name inst inst
    Info: create_clock -period 1.000 -name inst1 inst1
    Info: create_clock -period 1.000 -name inst2 inst2
Info: No user constrained clock uncertainty found in the design. Calling "derive_clock_uncertainty"
Info: Deriving Clock Uncertainty
    Info: set_clock_uncertainty -rise_from [get_clocks {inst}] -rise_to [get_clocks {C}] -setup 0.020
    Info: set_clock_uncertainty -rise_from [get_clocks {inst}] -fall_to [get_clocks {C}] -setup 0.020
    Info: set_clock_uncertainty -fall_from [get_clocks {inst}] -rise_to [get_clocks {C}] -setup 0.020
    Info: set_clock_uncertainty -fall_from [get_clocks {inst}] -fall_to [get_clocks {C}] -setup 0.020
    Info: set_clock_uncertainty -rise_from [get_clocks {inst}] -rise_to [get_clocks {C}] -hold 0.020
    Info: set_clock_uncertainty -rise_from [get_clocks {inst}] -fall_to [get_clocks {C}] -hold 0.020
    Info: set_clock_uncertainty -fall_from [get_clocks {inst}] -rise_to [get_clocks {C}] -hold 0.020
    Info: set_clock_uncertainty -fall_from [get_clocks {inst}] -fall_to [get_clocks {C}] -hold 0.020
Info: Analyzing Slow 1200mV 85C Model
Info: Worst-case setup slack is 0.007
    Info:     Slack End Point TNS Clock 
    Info: ========= ============= =====================
    Info:     0.007         0.000 C 
    Info:     0.258         0.000 inst 
    Info:     0.305         0.000 inst2 
    Info:     0.415         0.000 inst1 
Critical Warning: Timing requirements not met
Info: Worst-case hold slack is -0.264
    Info:     Slack End Point TNS Clock 
    Info: ========= ============= =====================
    Info:    -0.264        -0.264 inst1 
    Info:     0.045         0.000 inst 
    Info:     0.056         0.000 C 
    Info:     0.372         0.000 inst2 
Info: No Recovery paths to report
Info: No Removal paths to report
Info: Worst-case minimum pulse width slack is -3.000
    Info:     Slack End Point TNS Clock 
    Info: ========= ============= =====================
    Info:    -3.000        -4.000 C 
    Info:    -1.000        -1.000 inst 
    Info:    -1.000        -1.000 inst1 
    Info:    -1.000        -1.000 inst2 
Info: Analyzing Slow 1200mV 0C Model
Info: Started post-fitting delay annotation
Info: Delay annotation completed successfully
Info: Deriving Clock Uncertainty
    Info: set_clock_uncertainty -rise_from [get_clocks {inst}] -rise_to [get_clocks {C}] -setup 0.020
    Info: set_clock_uncertainty -rise_from [get_clocks {inst}] -fall_to [get_clocks {C}] -setup 0.020
    Info: set_clock_uncertainty -fall_from [get_clocks {inst}] -rise_to [get_clocks {C}] -setup 0.020
    Info: set_clock_uncertainty -fall_from [get_clocks {inst}] -fall_to [get_clocks {C}] -setup 0.020
    Info: set_clock_uncertainty -rise_from [get_clocks {inst}] -rise_to [get_clocks {C}] -hold 0.020
    Info: set_clock_uncertainty -rise_from [get_clocks {inst}] -fall_to [get_clocks {C}] -hold 0.020
    Info: set_clock_uncertainty -fall_from [get_clocks {inst}] -rise_to [get_clocks {C}] -hold 0.020
    Info: set_clock_uncertainty -fall_from [get_clocks {inst}] -fall_to [get_clocks {C}] -hold 0.020
Info: Worst-case setup slack is 0.127
    Info:     Slack End Point TNS Clock 
    Info: ========= ============= =====================
    Info:     0.127         0.000 C 
    Info:     0.274         0.000 inst 
    Info:     0.387         0.000 inst2 
    Info:     0.420         0.000 inst1 
Critical Warning: Timing requirements not met
Info: Worst-case hold slack is -0.228
    Info:     Slack End Point TNS Clock 
    Info: ========= ============= =====================
    Info:    -0.228        -0.228 inst1 
    Info:    -0.030        -0.030 C 
    Info:     0.036         0.000 inst 
    Info:     0.330         0.000 inst2 
Info: No Recovery paths to report
Info: No Removal paths to report
Info: Worst-case minimum pulse width slack is -3.000
    Info:     Slack End Point TNS Clock 
    Info: ========= ============= =====================
    Info:    -3.000        -4.000 C 
    Info:    -1.000        -1.000 inst 
    Info:    -1.000        -1.000 inst1 
    Info:    -1.000        -1.000 inst2 
Info: Analyzing Fast 1200mV 0C Model
Info: Started post-fitting delay annotation
Info: Delay annotation completed successfully
Info: Deriving Clock Uncertainty
    Info: set_clock_uncertainty -rise_from [get_clocks {inst}] -rise_to [get_clocks {C}] -setup 0.020
    Info: set_clock_uncertainty -rise_from [get_clocks {inst}] -fall_to [get_clocks {C}] -setup 0.020
    Info: set_clock_uncertainty -fall_from [get_clocks {inst}] -rise_to [get_clocks {C}] -setup 0.020
    Info: set_clock_uncertainty -fall_from [get_clocks {inst}] -fall_to [get_clocks {C}] -setup 0.020
    Info: set_clock_uncertainty -rise_from [get_clocks {inst}] -rise_to [get_clocks {C}] -hold 0.020
    Info: set_clock_uncertainty -rise_from [get_clocks {inst}] -fall_to [get_clocks {C}] -hold 0.020
    Info: set_clock_uncertainty -fall_from [get_clocks {inst}] -rise_to [get_clocks {C}] -hold 0.020
    Info: set_clock_uncertainty -fall_from [get_clocks {inst}] -fall_to [get_clocks {C}] -hold 0.020
Info: Worst-case setup slack is 0.199
    Info:     Slack End Point TNS Clock 
    Info: ========= ============= =====================
    Info:     0.199         0.000 C 
    Info:     0.401         0.000 inst 
    Info:     0.502         0.000 inst1 
    Info:     0.617         0.000 inst2 
Critical Warning: Timing requirements not met
Info: Worst-case hold slack is -0.199
    Info:     Slack End Point TNS Clock 
    Info: ========= ============= =====================
    Info:    -0.199        -0.199 inst1 
    Info:     0.000         0.000 inst 
    Info:     0.037         0.000 C 
    Info:     0.199         0.000 inst2 
Info: No Recovery paths to report
Info: No Removal paths to report
Info: Worst-case minimum pulse width slack is -3.000
    Info:     Slack End Point TNS Clock 
    Info: ========= ============= =====================
    Info:    -3.000        -4.101 C 
    Info:    -1.000        -1.000 inst 
    Info:    -1.000        -1.000 inst1 
    Info:    -1.000        -1.000 inst2 
Info: Design is not fully constrained for setup requirements
Info: Design is not fully constrained for hold requirements
Info: Quartus II TimeQuest Timing Analyzer was successful. 0 errors, 4 warnings
    Info: Peak virtual memory: 226 megabytes
    Info: Processing ended: Tue Dec 10 16:38:40 2013
    Info: Elapsed time: 00:00:03
    Info: Total CPU time (on all processors): 00:00:02


