Analysis & Synthesis report for v2z2
Wed Nov 21 20:56:33 2012
Quartus II Version 9.0 Build 132 02/25/2009 SJ Web Edition


---------------------
; Table of Contents ;
---------------------
  1. Legal Notice
  2. Analysis & Synthesis Summary
  3. Analysis & Synthesis Settings
  4. Analysis & Synthesis Source Files Read
  5. Analysis & Synthesis Resource Usage Summary
  6. Analysis & Synthesis Resource Utilization by Entity
  7. Parameter Settings for User Entity Instance: lpm_shiftreg0:inst1|lpm_shiftreg:lpm_shiftreg_component
  8. Parameter Settings for User Entity Instance: lpm_shiftreg0:inst|lpm_shiftreg:lpm_shiftreg_component
  9. lpm_shiftreg Parameter Settings by Entity Instance
 10. Analysis & Synthesis Messages



----------------
; Legal Notice ;
----------------
Copyright (C) 1991-2009 Altera Corporation
Your use of Altera Corporation's design tools, logic functions 
and other software and tools, and its AMPP partner logic 
functions, and any output files from any of the foregoing 
(including device programming or simulation files), and any 
associated documentation or information are expressly subject 
to the terms and conditions of the Altera Program License 
Subscription Agreement, Altera MegaCore Function License 
Agreement, or other applicable license agreement, including, 
without limitation, that your use is for the sole purpose of 
programming logic devices manufactured by Altera and sold by 
Altera or its authorized distributors.  Please refer to the 
applicable agreement for further details.



+-----------------------------------------------------------------------+
; Analysis & Synthesis Summary                                          ;
+-----------------------------+-----------------------------------------+
; Analysis & Synthesis Status ; Successful - Wed Nov 21 20:56:33 2012   ;
; Quartus II Version          ; 9.0 Build 132 02/25/2009 SJ Web Edition ;
; Revision Name               ; v2z2                                    ;
; Top-level Entity Name       ; v2z2                                    ;
; Family                      ; MAX3000A                                ;
; Total macrocells            ; 8                                       ;
; Total pins                  ; 11                                      ;
+-----------------------------+-----------------------------------------+


+--------------------------------------------------------------------------------------------------+
; Analysis & Synthesis Settings                                                                    ;
+----------------------------------------------------------------+-----------------+---------------+
; Option                                                         ; Setting         ; Default Value ;
+----------------------------------------------------------------+-----------------+---------------+
; Device                                                         ; EPM3256AFC256-7 ;               ;
; Top-level entity name                                          ; v2z2            ; v2z2          ;
; Family name                                                    ; MAX3000A        ; Stratix II    ;
; Use Generated Physical Constraints File                        ; Off             ;               ;
; Use smart compilation                                          ; Off             ; Off           ;
; Create Debugging Nodes for IP Cores                            ; Off             ; Off           ;
; Preserve fewer node names                                      ; On              ; On            ;
; Disable OpenCore Plus hardware evaluation                      ; Off             ; Off           ;
; Verilog Version                                                ; Verilog_2001    ; Verilog_2001  ;
; VHDL Version                                                   ; VHDL93          ; VHDL93        ;
; State Machine Processing                                       ; Auto            ; Auto          ;
; Safe State Machine                                             ; Off             ; Off           ;
; Extract Verilog State Machines                                 ; On              ; On            ;
; Extract VHDL State Machines                                    ; On              ; On            ;
; Ignore Verilog initial constructs                              ; Off             ; Off           ;
; Iteration limit for constant Verilog loops                     ; 5000            ; 5000          ;
; Iteration limit for non-constant Verilog loops                 ; 250             ; 250           ;
; Add Pass-Through Logic to Inferred RAMs                        ; On              ; On            ;
; Parallel Synthesis                                             ; Off             ; Off           ;
; NOT Gate Push-Back                                             ; On              ; On            ;
; Power-Up Don't Care                                            ; On              ; On            ;
; Remove Duplicate Registers                                     ; On              ; On            ;
; Ignore CARRY Buffers                                           ; Off             ; Off           ;
; Ignore CASCADE Buffers                                         ; Off             ; Off           ;
; Ignore GLOBAL Buffers                                          ; Off             ; Off           ;
; Ignore ROW GLOBAL Buffers                                      ; Off             ; Off           ;
; Ignore LCELL Buffers                                           ; Auto            ; Auto          ;
; Ignore SOFT Buffers                                            ; Off             ; Off           ;
; Limit AHDL Integers to 32 Bits                                 ; Off             ; Off           ;
; Optimization Technique                                         ; Speed           ; Speed         ;
; Allow XOR Gate Usage                                           ; On              ; On            ;
; Auto Logic Cell Insertion                                      ; On              ; On            ;
; Parallel Expander Chain Length                                 ; 4               ; 4             ;
; Auto Parallel Expanders                                        ; On              ; On            ;
; Auto Open-Drain Pins                                           ; On              ; On            ;
; Auto Resource Sharing                                          ; Off             ; Off           ;
; Maximum Fan-in Per Macrocell                                   ; 100             ; 100           ;
; Use LogicLock Constraints during Resource Balancing            ; On              ; On            ;
; Ignore translate_off and synthesis_off directives              ; Off             ; Off           ;
; Show Parameter Settings Tables in Synthesis Report             ; On              ; On            ;
; HDL message level                                              ; Level2          ; Level2        ;
; Suppress Register Optimization Related Messages                ; Off             ; Off           ;
; Number of Removed Registers Reported in Synthesis Report       ; 100             ; 100           ;
; Number of Inverted Registers Reported in Synthesis Report      ; 100             ; 100           ;
; Block Design Naming                                            ; Auto            ; Auto          ;
; Synthesis Effort                                               ; Auto            ; Auto          ;
; Allows Asynchronous Clear Usage For Shift Register Replacement ; On              ; On            ;
; Analysis & Synthesis Message Level                             ; Medium          ; Medium        ;
+----------------------------------------------------------------+-----------------+---------------+


+---------------------------------------------------------------------------------------------------------------------------------------------------------+
; Analysis & Synthesis Source Files Read                                                                                                                  ;
+----------------------------------+-----------------+------------------------------------+---------------------------------------------------------------+
; File Name with User-Entered Path ; Used in Netlist ; File Type                          ; File Name with Absolute Path                                  ;
+----------------------------------+-----------------+------------------------------------+---------------------------------------------------------------+
; lpm_shiftreg0.vhd                ; yes             ; User Wizard-Generated File         ; E:/Study/APZ(sk)/modull/v2z2/lpm_shiftreg0.vhd                ;
; v2z2.bdf                         ; yes             ; User Block Diagram/Schematic File  ; E:/Study/APZ(sk)/modull/v2z2/v2z2.bdf                         ;
; lpm_shiftreg.tdf                 ; yes             ; Megafunction                       ; c:/altera/90/quartus/libraries/megafunctions/lpm_shiftreg.tdf ;
; lpm_constant.inc                 ; yes             ; Megafunction                       ; c:/altera/90/quartus/libraries/megafunctions/lpm_constant.inc ;
; dffeea.inc                       ; yes             ; Megafunction                       ; c:/altera/90/quartus/libraries/megafunctions/dffeea.inc       ;
; aglobal90.inc                    ; yes             ; Megafunction                       ; c:/altera/90/quartus/libraries/megafunctions/aglobal90.inc    ;
+----------------------------------+-----------------+------------------------------------+---------------------------------------------------------------+


+---------------------------------------------------------------------------------------+
; Analysis & Synthesis Resource Usage Summary                                           ;
+----------------------+----------------------------------------------------------------+
; Resource             ; Usage                                                          ;
+----------------------+----------------------------------------------------------------+
; Logic cells          ; 8                                                              ;
; Total registers      ; 8                                                              ;
; I/O pins             ; 11                                                             ;
; Maximum fan-out node ; lpm_shiftreg0:inst|lpm_shiftreg:lpm_shiftreg_component|dffs[3] ;
; Maximum fan-out      ; 6                                                              ;
; Total fan-out        ; 26                                                             ;
; Average fan-out      ; 1.37                                                           ;
+----------------------+----------------------------------------------------------------+


+------------------------------------------------------------------------------------------------------------------------------------------------+
; Analysis & Synthesis Resource Utilization by Entity                                                                                            ;
+---------------------------------------------+------------+------+---------------------------------------------------------------+--------------+
; Compilation Hierarchy Node                  ; Macrocells ; Pins ; Full Hierarchy Name                                           ; Library Name ;
+---------------------------------------------+------------+------+---------------------------------------------------------------+--------------+
; |v2z2                                       ; 8          ; 11   ; |v2z2                                                         ; work         ;
;    |lpm_shiftreg0:inst1|                    ; 4          ; 0    ; |v2z2|lpm_shiftreg0:inst1                                     ; work         ;
;       |lpm_shiftreg:lpm_shiftreg_component| ; 4          ; 0    ; |v2z2|lpm_shiftreg0:inst1|lpm_shiftreg:lpm_shiftreg_component ; work         ;
;    |lpm_shiftreg0:inst|                     ; 4          ; 0    ; |v2z2|lpm_shiftreg0:inst                                      ; work         ;
;       |lpm_shiftreg:lpm_shiftreg_component| ; 4          ; 0    ; |v2z2|lpm_shiftreg0:inst|lpm_shiftreg:lpm_shiftreg_component  ; work         ;
+---------------------------------------------+------------+------+---------------------------------------------------------------+--------------+


+------------------------------------------------------------------------------------------------------+
; Parameter Settings for User Entity Instance: lpm_shiftreg0:inst1|lpm_shiftreg:lpm_shiftreg_component ;
+------------------------+----------+------------------------------------------------------------------+
; Parameter Name         ; Value    ; Type                                                             ;
+------------------------+----------+------------------------------------------------------------------+
; LPM_WIDTH              ; 4        ; Signed Integer                                                   ;
; LPM_DIRECTION          ; LEFT     ; Untyped                                                          ;
; LPM_AVALUE             ; UNUSED   ; Untyped                                                          ;
; LPM_SVALUE             ; UNUSED   ; Untyped                                                          ;
; DEVICE_FAMILY          ; MAX3000A ; Untyped                                                          ;
; AUTO_CARRY_CHAINS      ; ON       ; AUTO_CARRY                                                       ;
; IGNORE_CARRY_BUFFERS   ; OFF      ; IGNORE_CARRY                                                     ;
; AUTO_CASCADE_CHAINS    ; ON       ; AUTO_CASCADE                                                     ;
; IGNORE_CASCADE_BUFFERS ; OFF      ; IGNORE_CASCADE                                                   ;
+------------------------+----------+------------------------------------------------------------------+
Note: In order to hide this table in the UI and the text report file, please set the "Show Parameter Settings Tables in Synthesis Report" option in "Analysis and Synthesis Settings -> More Settings" to "Off".


+-----------------------------------------------------------------------------------------------------+
; Parameter Settings for User Entity Instance: lpm_shiftreg0:inst|lpm_shiftreg:lpm_shiftreg_component ;
+------------------------+----------+-----------------------------------------------------------------+
; Parameter Name         ; Value    ; Type                                                            ;
+------------------------+----------+-----------------------------------------------------------------+
; LPM_WIDTH              ; 4        ; Signed Integer                                                  ;
; LPM_DIRECTION          ; LEFT     ; Untyped                                                         ;
; LPM_AVALUE             ; UNUSED   ; Untyped                                                         ;
; LPM_SVALUE             ; UNUSED   ; Untyped                                                         ;
; DEVICE_FAMILY          ; MAX3000A ; Untyped                                                         ;
; AUTO_CARRY_CHAINS      ; ON       ; AUTO_CARRY                                                      ;
; IGNORE_CARRY_BUFFERS   ; OFF      ; IGNORE_CARRY                                                    ;
; AUTO_CASCADE_CHAINS    ; ON       ; AUTO_CASCADE                                                    ;
; IGNORE_CASCADE_BUFFERS ; OFF      ; IGNORE_CASCADE                                                  ;
+------------------------+----------+-----------------------------------------------------------------+
Note: In order to hide this table in the UI and the text report file, please set the "Show Parameter Settings Tables in Synthesis Report" option in "Analysis and Synthesis Settings -> More Settings" to "Off".


+--------------------------------------------------------------------------------------+
; lpm_shiftreg Parameter Settings by Entity Instance                                   ;
+----------------------------+---------------------------------------------------------+
; Name                       ; Value                                                   ;
+----------------------------+---------------------------------------------------------+
; Number of entity instances ; 2                                                       ;
; Entity Instance            ; lpm_shiftreg0:inst1|lpm_shiftreg:lpm_shiftreg_component ;
;     -- LPM_WIDTH           ; 4                                                       ;
;     -- LPM_DIRECTION       ; LEFT                                                    ;
; Entity Instance            ; lpm_shiftreg0:inst|lpm_shiftreg:lpm_shiftreg_component  ;
;     -- LPM_WIDTH           ; 4                                                       ;
;     -- LPM_DIRECTION       ; LEFT                                                    ;
+----------------------------+---------------------------------------------------------+


+-------------------------------+
; Analysis & Synthesis Messages ;
+-------------------------------+
Info: *******************************************************************
Info: Running Quartus II Analysis & Synthesis
    Info: Version 9.0 Build 132 02/25/2009 SJ Web Edition
    Info: Processing started: Wed Nov 21 20:56:31 2012
Info: Command: quartus_map --read_settings_files=on --write_settings_files=off v2z2 -c v2z2
Info: Found 2 design units, including 1 entities, in source file lpm_shiftreg0.vhd
    Info: Found design unit 1: lpm_shiftreg0-SYN
    Info: Found entity 1: lpm_shiftreg0
Info: Found 1 design units, including 1 entities, in source file v2z2.bdf
    Info: Found entity 1: v2z2
Info: Elaborating entity "v2z2" for the top level hierarchy
Info: Elaborating entity "lpm_shiftreg0" for hierarchy "lpm_shiftreg0:inst1"
Info: Elaborating entity "lpm_shiftreg" for hierarchy "lpm_shiftreg0:inst1|lpm_shiftreg:lpm_shiftreg_component"
Info: Elaborated megafunction instantiation "lpm_shiftreg0:inst1|lpm_shiftreg:lpm_shiftreg_component"
Info: Instantiated megafunction "lpm_shiftreg0:inst1|lpm_shiftreg:lpm_shiftreg_component" with the following parameter:
    Info: Parameter "lpm_direction" = "LEFT"
    Info: Parameter "lpm_type" = "LPM_SHIFTREG"
    Info: Parameter "lpm_width" = "4"
Info: Promoted pin-driven signal(s) to global signal
    Info: Promoted clock signal driven by pin "C" to global clock signal
Info: Implemented 19 device resources after synthesis - the final resource count might be different
    Info: Implemented 3 input pins
    Info: Implemented 8 output pins
    Info: Implemented 8 macrocells
Info: Quartus II Analysis & Synthesis was successful. 0 errors, 0 warnings
    Info: Peak virtual memory: 199 megabytes
    Info: Processing ended: Wed Nov 21 20:56:33 2012
    Info: Elapsed time: 00:00:02
    Info: Total CPU time (on all processors): 00:00:02


