Analysis & Synthesis report for lab_8_2
Tue Oct 22 09:14:30 2013
Quartus II Version 9.0 Build 235 06/17/2009 Service Pack 2 SJ Web Edition


---------------------
; Table of Contents ;
---------------------
  1. Legal Notice
  2. Analysis & Synthesis Summary
  3. Analysis & Synthesis Settings
  4. Analysis & Synthesis Source Files Read
  5. Analysis & Synthesis Resource Usage Summary
  6. Analysis & Synthesis Resource Utilization by Entity
  7. General Register Statistics
  8. Parameter Settings for User Entity Instance: lpm_mult0:inst
  9. Parameter Settings for User Entity Instance: lpm_mult0:inst|lpm_mult:lpm_mult_component
 10. lpm_mult Parameter Settings by Entity Instance
 11. Analysis & Synthesis Messages



----------------
; Legal Notice ;
----------------
Copyright (C) 1991-2009 Altera Corporation
Your use of Altera Corporation's design tools, logic functions 
and other software and tools, and its AMPP partner logic 
functions, and any output files from any of the foregoing 
(including device programming or simulation files), and any 
associated documentation or information are expressly subject 
to the terms and conditions of the Altera Program License 
Subscription Agreement, Altera MegaCore Function License 
Agreement, or other applicable license agreement, including, 
without limitation, that your use is for the sole purpose of 
programming logic devices manufactured by Altera and sold by 
Altera or its authorized distributors.  Please refer to the 
applicable agreement for further details.



+-----------------------------------------------------------------------------------+
; Analysis & Synthesis Summary                                                      ;
+------------------------------------+----------------------------------------------+
; Analysis & Synthesis Status        ; Successful - Tue Oct 22 09:14:30 2013        ;
; Quartus II Version                 ; 9.0 Build 235 06/17/2009 SP 2 SJ Web Edition ;
; Revision Name                      ; lab_8_2                                      ;
; Top-level Entity Name              ; lab_8_2                                      ;
; Family                             ; Cyclone III                                  ;
; Total logic elements               ; 28                                           ;
;     Total combinational functions  ; 28                                           ;
;     Dedicated logic registers      ; 0                                            ;
; Total registers                    ; 0                                            ;
; Total pins                         ; 16                                           ;
; Total virtual pins                 ; 0                                            ;
; Total memory bits                  ; 0                                            ;
; Embedded Multiplier 9-bit elements ; 0                                            ;
; Total PLLs                         ; 0                                            ;
+------------------------------------+----------------------------------------------+


+--------------------------------------------------------------------------------------------------------+
; Analysis & Synthesis Settings                                                                          ;
+--------------------------------------------------------------+--------------------+--------------------+
; Option                                                       ; Setting            ; Default Value      ;
+--------------------------------------------------------------+--------------------+--------------------+
; Device                                                       ; EP3C16F484C8       ;                    ;
; Top-level entity name                                        ; lab_8_2            ; lab_8_2            ;
; Family name                                                  ; Cyclone III        ; Stratix II         ;
; Use Generated Physical Constraints File                      ; Off                ;                    ;
; Use smart compilation                                        ; Off                ; Off                ;
; Restructure Multiplexers                                     ; Auto               ; Auto               ;
; Create Debugging Nodes for IP Cores                          ; Off                ; Off                ;
; Preserve fewer node names                                    ; On                 ; On                 ;
; Disable OpenCore Plus hardware evaluation                    ; Off                ; Off                ;
; Verilog Version                                              ; Verilog_2001       ; Verilog_2001       ;
; VHDL Version                                                 ; VHDL93             ; VHDL93             ;
; State Machine Processing                                     ; Auto               ; Auto               ;
; Safe State Machine                                           ; Off                ; Off                ;
; Extract Verilog State Machines                               ; On                 ; On                 ;
; Extract VHDL State Machines                                  ; On                 ; On                 ;
; Ignore Verilog initial constructs                            ; Off                ; Off                ;
; Iteration limit for constant Verilog loops                   ; 5000               ; 5000               ;
; Iteration limit for non-constant Verilog loops               ; 250                ; 250                ;
; Add Pass-Through Logic to Inferred RAMs                      ; On                 ; On                 ;
; Parallel Synthesis                                           ; Off                ; Off                ;
; DSP Block Balancing                                          ; Auto               ; Auto               ;
; NOT Gate Push-Back                                           ; On                 ; On                 ;
; Power-Up Don't Care                                          ; On                 ; On                 ;
; Remove Redundant Logic Cells                                 ; Off                ; Off                ;
; Remove Duplicate Registers                                   ; On                 ; On                 ;
; Ignore CARRY Buffers                                         ; Off                ; Off                ;
; Ignore CASCADE Buffers                                       ; Off                ; Off                ;
; Ignore GLOBAL Buffers                                        ; Off                ; Off                ;
; Ignore ROW GLOBAL Buffers                                    ; Off                ; Off                ;
; Ignore LCELL Buffers                                         ; Off                ; Off                ;
; Ignore SOFT Buffers                                          ; On                 ; On                 ;
; Limit AHDL Integers to 32 Bits                               ; Off                ; Off                ;
; Optimization Technique                                       ; Balanced           ; Balanced           ;
; Carry Chain Length                                           ; 70                 ; 70                 ;
; Auto Carry Chains                                            ; On                 ; On                 ;
; Auto Open-Drain Pins                                         ; On                 ; On                 ;
; Perform WYSIWYG Primitive Resynthesis                        ; Off                ; Off                ;
; Auto ROM Replacement                                         ; On                 ; On                 ;
; Auto RAM Replacement                                         ; On                 ; On                 ;
; Auto DSP Block Replacement                                   ; On                 ; On                 ;
; Auto Shift Register Replacement                              ; Auto               ; Auto               ;
; Auto Clock Enable Replacement                                ; On                 ; On                 ;
; Strict RAM Replacement                                       ; Off                ; Off                ;
; Allow Synchronous Control Signals                            ; On                 ; On                 ;
; Force Use of Synchronous Clear Signals                       ; Off                ; Off                ;
; Auto RAM Block Balancing                                     ; On                 ; On                 ;
; Auto RAM to Logic Cell Conversion                            ; Off                ; Off                ;
; Auto Resource Sharing                                        ; Off                ; Off                ;
; Allow Any RAM Size For Recognition                           ; Off                ; Off                ;
; Allow Any ROM Size For Recognition                           ; Off                ; Off                ;
; Allow Any Shift Register Size For Recognition                ; Off                ; Off                ;
; Use LogicLock Constraints during Resource Balancing          ; On                 ; On                 ;
; Ignore translate_off and synthesis_off directives            ; Off                ; Off                ;
; Timing-Driven Synthesis                                      ; Off                ; Off                ;
; Show Parameter Settings Tables in Synthesis Report           ; On                 ; On                 ;
; Ignore Maximum Fan-Out Assignments                           ; Off                ; Off                ;
; Synchronization Register Chain Length                        ; 2                  ; 2                  ;
; PowerPlay Power Optimization                                 ; Normal compilation ; Normal compilation ;
; HDL message level                                            ; Level2             ; Level2             ;
; Suppress Register Optimization Related Messages              ; Off                ; Off                ;
; Number of Removed Registers Reported in Synthesis Report     ; 100                ; 100                ;
; Number of Inverted Registers Reported in Synthesis Report    ; 100                ; 100                ;
; Clock MUX Protection                                         ; On                 ; On                 ;
; Auto Gated Clock Conversion                                  ; Off                ; Off                ;
; Block Design Naming                                          ; Auto               ; Auto               ;
; SDC constraint protection                                    ; Off                ; Off                ;
; Synthesis Effort                                             ; Auto               ; Auto               ;
; Shift Register Replacement - Allow Asynchronous Clear Signal ; On                 ; On                 ;
; Analysis & Synthesis Message Level                           ; Medium             ; Medium             ;
+--------------------------------------------------------------+--------------------+--------------------+


+-----------------------------------------------------------------------------------------------------------------------------------------------------------------------------------------------------------------------+
; Analysis & Synthesis Source Files Read                                                                                                                                                                                ;
+----------------------------------+-----------------+------------------------------------+-----------------------------------------------------------------------------------------------------------------------------+
; File Name with User-Entered Path ; Used in Netlist ; File Type                          ; File Name with Absolute Path                                                                                                ;
+----------------------------------+-----------------+------------------------------------+-----------------------------------------------------------------------------------------------------------------------------+
; lab_8_2.bdf                      ; yes             ; User Block Diagram/Schematic File  ; C:/Users/CHICKEK/Диск Google/Study folder/Nowadays/!!Апаратне і програмне забезпечення(Рабик)/Lab_8/Lab_8_2/lab_8_2.bdf     ;
; lpm_mult0.tdf                    ; yes             ; Auto-Found Wizard-Generated File   ; C:/Users/CHICKEK/Диск Google/Study folder/Nowadays/!!Апаратне і програмне забезпечення(Рабик)/Lab_8/Lab_8_2/lpm_mult0.tdf   ;
; lpm_mult.inc                     ; yes             ; Auto-Found AHDL File               ; c:/altera/90sp2/quartus/libraries/megafunctions/lpm_mult.inc                                                                ;
; lpm_mult.tdf                     ; yes             ; Megafunction                       ; c:/altera/90sp2/quartus/libraries/megafunctions/lpm_mult.tdf                                                                ;
; aglobal90.inc                    ; yes             ; Megafunction                       ; c:/altera/90sp2/quartus/libraries/megafunctions/aglobal90.inc                                                               ;
; lpm_add_sub.inc                  ; yes             ; Megafunction                       ; c:/altera/90sp2/quartus/libraries/megafunctions/lpm_add_sub.inc                                                             ;
; multcore.inc                     ; yes             ; Megafunction                       ; c:/altera/90sp2/quartus/libraries/megafunctions/multcore.inc                                                                ;
; bypassff.inc                     ; yes             ; Megafunction                       ; c:/altera/90sp2/quartus/libraries/megafunctions/bypassff.inc                                                                ;
; altshift.inc                     ; yes             ; Megafunction                       ; c:/altera/90sp2/quartus/libraries/megafunctions/altshift.inc                                                                ;
; db/mult_p2n.tdf                  ; yes             ; Auto-Generated Megafunction        ; C:/Users/CHICKEK/Диск Google/Study folder/Nowadays/!!Апаратне і програмне забезпечення(Рабик)/Lab_8/Lab_8_2/db/mult_p2n.tdf ;
+----------------------------------+-----------------+------------------------------------+-----------------------------------------------------------------------------------------------------------------------------+


+----------------------------------------------------------+
; Analysis & Synthesis Resource Usage Summary              ;
+---------------------------------------------+------------+
; Resource                                    ; Usage      ;
+---------------------------------------------+------------+
; Estimated Total logic elements              ; 28         ;
;                                             ;            ;
; Total combinational functions               ; 28         ;
; Logic element usage by number of LUT inputs ;            ;
;     -- 4 input functions                    ; 14         ;
;     -- 3 input functions                    ; 10         ;
;     -- <=2 input functions                  ; 4          ;
;                                             ;            ;
; Logic elements by mode                      ;            ;
;     -- normal mode                          ; 21         ;
;     -- arithmetic mode                      ; 7          ;
;                                             ;            ;
; Total registers                             ; 0          ;
;     -- Dedicated logic registers            ; 0          ;
;     -- I/O registers                        ; 0          ;
;                                             ;            ;
; I/O pins                                    ; 16         ;
; Maximum fan-out node                        ; B[3]~input ;
; Maximum fan-out                             ; 14         ;
; Total fan-out                               ; 116        ;
; Average fan-out                             ; 1.93       ;
+---------------------------------------------+------------+


+----------------------------------------------------------------------------------------------------------------------------------------------------------------------------------------------------------------------------------------------+
; Analysis & Synthesis Resource Utilization by Entity                                                                                                                                                                                          ;
+-------------------------------------+-------------------+--------------+-------------+--------------+---------+-----------+------+--------------+-----------------------------------------------------------------------------+--------------+
; Compilation Hierarchy Node          ; LC Combinationals ; LC Registers ; Memory Bits ; DSP Elements ; DSP 9x9 ; DSP 18x18 ; Pins ; Virtual Pins ; Full Hierarchy Name                                                         ; Library Name ;
+-------------------------------------+-------------------+--------------+-------------+--------------+---------+-----------+------+--------------+-----------------------------------------------------------------------------+--------------+
; |lab_8_2                            ; 28 (0)            ; 0 (0)        ; 0           ; 0            ; 0       ; 0         ; 16   ; 0            ; |lab_8_2                                                                    ; work         ;
;    |lpm_mult0:inst|                 ; 28 (0)            ; 0 (0)        ; 0           ; 0            ; 0       ; 0         ; 0    ; 0            ; |lab_8_2|lpm_mult0:inst                                                     ; work         ;
;       |lpm_mult:lpm_mult_component| ; 28 (0)            ; 0 (0)        ; 0           ; 0            ; 0       ; 0         ; 0    ; 0            ; |lab_8_2|lpm_mult0:inst|lpm_mult:lpm_mult_component                         ; work         ;
;          |mult_p2n:auto_generated|  ; 28 (28)           ; 0 (0)        ; 0           ; 0            ; 0       ; 0         ; 0    ; 0            ; |lab_8_2|lpm_mult0:inst|lpm_mult:lpm_mult_component|mult_p2n:auto_generated ; work         ;
+-------------------------------------+-------------------+--------------+-------------+--------------+---------+-----------+------+--------------+-----------------------------------------------------------------------------+--------------+
Note: For table entries with two numbers listed, the numbers in parentheses indicate the number of resources of the given type used by the specific entity alone. The numbers listed outside of parentheses indicate the total resources of the given type used by the specific entity and all of its sub-entities in the hierarchy.


+------------------------------------------------------+
; General Register Statistics                          ;
+----------------------------------------------+-------+
; Statistic                                    ; Value ;
+----------------------------------------------+-------+
; Total registers                              ; 0     ;
; Number of registers using Synchronous Clear  ; 0     ;
; Number of registers using Synchronous Load   ; 0     ;
; Number of registers using Asynchronous Clear ; 0     ;
; Number of registers using Asynchronous Load  ; 0     ;
; Number of registers using Clock Enable       ; 0     ;
; Number of registers using Preset             ; 0     ;
+----------------------------------------------+-------+


+-------------------------------------------------------------+
; Parameter Settings for User Entity Instance: lpm_mult0:inst ;
+----------------+-------+------------------------------------+
; Parameter Name ; Value ; Type                               ;
+----------------+-------+------------------------------------+
; LPM_WIDTHS     ; 1     ; Untyped                            ;
+----------------+-------+------------------------------------+
Note: In order to hide this table in the UI and the text report file, please set the "Show Parameter Settings Tables in Synthesis Report" option in "Analysis and Synthesis Settings -> More Settings" to "Off".


+-----------------------------------------------------------------------------------------+
; Parameter Settings for User Entity Instance: lpm_mult0:inst|lpm_mult:lpm_mult_component ;
+------------------------------------------------+-------------+--------------------------+
; Parameter Name                                 ; Value       ; Type                     ;
+------------------------------------------------+-------------+--------------------------+
; AUTO_CARRY_CHAINS                              ; ON          ; AUTO_CARRY               ;
; IGNORE_CARRY_BUFFERS                           ; OFF         ; IGNORE_CARRY             ;
; AUTO_CASCADE_CHAINS                            ; ON          ; AUTO_CASCADE             ;
; IGNORE_CASCADE_BUFFERS                         ; OFF         ; IGNORE_CASCADE           ;
; LPM_WIDTHA                                     ; 4           ; Untyped                  ;
; LPM_WIDTHB                                     ; 4           ; Untyped                  ;
; LPM_WIDTHP                                     ; 8           ; Untyped                  ;
; LPM_WIDTHR                                     ; 0           ; Untyped                  ;
; LPM_WIDTHS                                     ; 1           ; Untyped                  ;
; LPM_REPRESENTATION                             ; SIGNED      ; Untyped                  ;
; LPM_PIPELINE                                   ; 0           ; Untyped                  ;
; LATENCY                                        ; 0           ; Untyped                  ;
; INPUT_A_IS_CONSTANT                            ; NO          ; Untyped                  ;
; INPUT_B_IS_CONSTANT                            ; NO          ; Untyped                  ;
; USE_EAB                                        ; OFF         ; Untyped                  ;
; MAXIMIZE_SPEED                                 ; 5           ; Untyped                  ;
; DEVICE_FAMILY                                  ; Cyclone III ; Untyped                  ;
; CARRY_CHAIN                                    ; MANUAL      ; Untyped                  ;
; APEX20K_TECHNOLOGY_MAPPER                      ; LUT         ; TECH_MAPPER_APEX20K      ;
; DEDICATED_MULTIPLIER_CIRCUITRY                 ; AUTO        ; Untyped                  ;
; DEDICATED_MULTIPLIER_MIN_INPUT_WIDTH_FOR_AUTO  ; 0           ; Untyped                  ;
; DEDICATED_MULTIPLIER_MIN_OUTPUT_WIDTH_FOR_AUTO ; 0           ; Untyped                  ;
; CBXI_PARAMETER                                 ; mult_p2n    ; Untyped                  ;
; INPUT_A_FIXED_VALUE                            ; Bx          ; Untyped                  ;
; INPUT_B_FIXED_VALUE                            ; Bx          ; Untyped                  ;
; USE_AHDL_IMPLEMENTATION                        ; OFF         ; Untyped                  ;
+------------------------------------------------+-------------+--------------------------+
Note: In order to hide this table in the UI and the text report file, please set the "Show Parameter Settings Tables in Synthesis Report" option in "Analysis and Synthesis Settings -> More Settings" to "Off".


+------------------------------------------------------------------------------------+
; lpm_mult Parameter Settings by Entity Instance                                     ;
+---------------------------------------+--------------------------------------------+
; Name                                  ; Value                                      ;
+---------------------------------------+--------------------------------------------+
; Number of entity instances            ; 1                                          ;
; Entity Instance                       ; lpm_mult0:inst|lpm_mult:lpm_mult_component ;
;     -- LPM_WIDTHA                     ; 4                                          ;
;     -- LPM_WIDTHB                     ; 4                                          ;
;     -- LPM_WIDTHP                     ; 8                                          ;
;     -- LPM_REPRESENTATION             ; SIGNED                                     ;
;     -- INPUT_A_IS_CONSTANT            ; NO                                         ;
;     -- INPUT_B_IS_CONSTANT            ; NO                                         ;
;     -- USE_EAB                        ; OFF                                        ;
;     -- DEDICATED_MULTIPLIER_CIRCUITRY ; AUTO                                       ;
;     -- INPUT_A_FIXED_VALUE            ; Bx                                         ;
;     -- INPUT_B_FIXED_VALUE            ; Bx                                         ;
+---------------------------------------+--------------------------------------------+


+-------------------------------+
; Analysis & Synthesis Messages ;
+-------------------------------+
Info: *******************************************************************
Info: Running Quartus II Analysis & Synthesis
    Info: Version 9.0 Build 235 06/17/2009 Service Pack 2 SJ Web Edition
    Info: Processing started: Tue Oct 22 09:14:29 2013
Info: Command: quartus_map --read_settings_files=on --write_settings_files=off lab_8_2 -c lab_8_2
Info: Found 1 design units, including 1 entities, in source file lab_8_2.bdf
    Info: Found entity 1: lab_8_2
Info: Elaborating entity "lab_8_2" for the top level hierarchy
Warning: Using design file lpm_mult0.tdf, which is not specified as a design file for the current project, but contains definitions for 1 design units and 1 entities in project
    Info: Found entity 1: lpm_mult0
Info: Elaborating entity "lpm_mult0" for hierarchy "lpm_mult0:inst"
Info: Elaborating entity "lpm_mult" for hierarchy "lpm_mult0:inst|lpm_mult:lpm_mult_component"
Info: Elaborated megafunction instantiation "lpm_mult0:inst|lpm_mult:lpm_mult_component"
Info: Instantiated megafunction "lpm_mult0:inst|lpm_mult:lpm_mult_component" with the following parameter:
    Info: Parameter "LPM_TYPE" = "LPM_MULT"
    Info: Parameter "LPM_HINT" = "MAXIMIZE_SPEED=5"
    Info: Parameter "LPM_WIDTHA" = "4"
    Info: Parameter "LPM_WIDTHB" = "4"
    Info: Parameter "LPM_WIDTHP" = "8"
    Info: Parameter "LPM_REPRESENTATION" = "SIGNED"
Info: Found 1 design units, including 1 entities, in source file db/mult_p2n.tdf
    Info: Found entity 1: mult_p2n
Info: Elaborating entity "mult_p2n" for hierarchy "lpm_mult0:inst|lpm_mult:lpm_mult_component|mult_p2n:auto_generated"
Info: Ignored 34 buffer(s)
    Info: Ignored 4 CARRY_SUM buffer(s)
    Info: Ignored 30 SOFT buffer(s)
Info: Implemented 44 device resources after synthesis - the final resource count might be different
    Info: Implemented 8 input pins
    Info: Implemented 8 output pins
    Info: Implemented 28 logic cells
Info: Quartus II Analysis & Synthesis was successful. 0 errors, 1 warning
    Info: Peak virtual memory: 214 megabytes
    Info: Processing ended: Tue Oct 22 09:14:30 2013
    Info: Elapsed time: 00:00:01
    Info: Total CPU time (on all processors): 00:00:01


