C51 COMPILER V8.05a   LAB6_1                                                               11/08/2014 11:19:15 PAGE 1   


C51 COMPILER V8.05a, COMPILATION OF MODULE LAB6_1
OBJECT MODULE PLACED IN lab6_1.OBJ
COMPILER INVOKED BY: C:\Keil\C51\BIN\C51.EXE lab6_1.c DEBUG OBJECTEXTEND

line level    source

   1          #include <stdio.h>
   2          #include <REG51.H>
   3          #define ESC 0x1B
   4          unsigned int cnt;
   5          unsigned char codeTable[11] = { ESC, 0x0C0, 0x0F9, 0x0A4,   0x0B0,      0x99, 0x92, 0x82, 0x0F8, 0x80, 0x98};
   6          unsigned char *pcodeTable;
   7          
   8          void T0Isr(void) interrupt 1 using 1 {
   9   1              cnt++;
  10   1              if (cnt > 30)
  11   1              {
  12   2                      cnt = 0;
  13   2                      P1 = *pcodeTable--;
  14   2                      if (*pcodeTable == ESC)
  15   2                              pcodeTable = codeTable+10;
  16   2              }
  17   1      }
  18          
  19          void main(void)
  20          {
  21   1              pcodeTable = codeTable+10;
  22   1              cnt = 0;
  23   1              P1 = 0x80;
  24   1              P1 = *pcodeTable;
  25   1              TH0 = 0x0;
  26   1              TL0 = 0x0;
  27   1              TMOD = 0x1; 
  28   1              TR0 = 1;
  29   1              ET0 = 1;
  30   1              EA = 1;
  31   1              while(1);
  32   1      }


MODULE INFORMATION:   STATIC OVERLAYABLE
   CODE SIZE        =    123    ----
   CONSTANT SIZE    =   ----    ----
   XDATA SIZE       =   ----    ----
   PDATA SIZE       =   ----    ----
   DATA SIZE        =     16    ----
   IDATA SIZE       =   ----    ----
   BIT SIZE         =   ----    ----
END OF MODULE INFORMATION.


C51 COMPILATION COMPLETE.  0 WARNING(S),  0 ERROR(S)
