Simulator report for lab13_5
Sat Dec 21 17:16:01 2013
Quartus II Version 9.1 Build 350 03/24/2010 Service Pack 2 SJ Web Edition


---------------------
; Table of Contents ;
---------------------
  1. Legal Notice
  2. Simulator Summary
  3. Simulator Settings
  4. Simulation Waveforms
  5. Coverage Summary
  6. Complete 1/0-Value Coverage
  7. Missing 1-Value Coverage
  8. Missing 0-Value Coverage
  9. Simulator INI Usage
 10. Simulator Messages



----------------
; Legal Notice ;
----------------
Copyright (C) 1991-2010 Altera Corporation
Your use of Altera Corporation's design tools, logic functions 
and other software and tools, and its AMPP partner logic 
functions, and any output files from any of the foregoing 
(including device programming or simulation files), and any 
associated documentation or information are expressly subject 
to the terms and conditions of the Altera Program License 
Subscription Agreement, Altera MegaCore Function License 
Agreement, or other applicable license agreement, including, 
without limitation, that your use is for the sole purpose of 
programming logic devices manufactured by Altera and sold by 
Altera or its authorized distributors.  Please refer to the 
applicable agreement for further details.



+--------------------------------------------+
; Simulator Summary                          ;
+-----------------------------+--------------+
; Type                        ; Value        ;
+-----------------------------+--------------+
; Simulation Start Time       ; 0 ps         ;
; Simulation End Time         ; 200.0 s      ;
; Simulation Netlist Size     ; 27 nodes     ;
; Simulation Coverage         ;      85.19 % ;
; Total Number of Transitions ; 1173         ;
; Simulation Breakpoints      ; 0            ;
; Family                      ; Cyclone III  ;
; Device                      ; EP3C16F484C6 ;
+-----------------------------+--------------+


+-------------------------------------------------------------------------------------------------------------------------+
; Simulator Settings                                                                                                      ;
+--------------------------------------------------------------------------------------------+------------+---------------+
; Option                                                                                     ; Setting    ; Default Value ;
+--------------------------------------------------------------------------------------------+------------+---------------+
; Simulation mode                                                                            ; Timing     ; Timing        ;
; Start time                                                                                 ; 0 ns       ; 0 ns          ;
; Simulation results format                                                                  ; CVWF       ;               ;
; Add pins automatically to simulation output waveforms                                      ; On         ; On            ;
; Check outputs                                                                              ; Off        ; Off           ;
; Report simulation coverage                                                                 ; On         ; On            ;
; Display complete 1/0 value coverage report                                                 ; On         ; On            ;
; Display missing 1-value coverage report                                                    ; On         ; On            ;
; Display missing 0-value coverage report                                                    ; On         ; On            ;
; Detect setup and hold time violations                                                      ; Off        ; Off           ;
; Detect glitches                                                                            ; Off        ; Off           ;
; Disable timing delays in Timing Simulation                                                 ; Off        ; Off           ;
; Generate Signal Activity File                                                              ; Off        ; Off           ;
; Generate VCD File for PowerPlay Power Analyzer                                             ; Off        ; Off           ;
; Group bus channels in simulation results                                                   ; Off        ; Off           ;
; Preserve fewer signal transitions to reduce memory requirements                            ; On         ; On            ;
; Trigger vector comparison with the specified mode                                          ; INPUT_EDGE ; INPUT_EDGE    ;
; Disable setup and hold time violations detection in input registers of bi-directional pins ; Off        ; Off           ;
; Overwrite Waveform Inputs With Simulation Outputs                                          ; Off        ;               ;
; Perform Glitch Filtering in Timing Simulation                                              ; Auto       ; Auto          ;
; Interconnect Delay Model Type                                                              ; Transport  ; Transport     ;
; Cell Delay Model Type                                                                      ; Transport  ; Transport     ;
+--------------------------------------------------------------------------------------------+------------+---------------+


+----------------------+
; Simulation Waveforms ;
+----------------------+
Waveform report data cannot be output to ASCII.
Please use Quartus II to view the waveform report data.


+--------------------------------------------------------------------+
; Coverage Summary                                                   ;
+-----------------------------------------------------+--------------+
; Type                                                ; Value        ;
+-----------------------------------------------------+--------------+
; Total coverage as a percentage                      ;      85.19 % ;
; Total nodes checked                                 ; 27           ;
; Total output ports checked                          ; 27           ;
; Total output ports with complete 1/0-value coverage ; 23           ;
; Total output ports with no 1/0-value coverage       ; 0            ;
; Total output ports with no 1-value coverage         ; 0            ;
; Total output ports with no 0-value coverage         ; 4            ;
+-----------------------------------------------------+--------------+


The following table displays output ports that toggle between 1 and 0 during simulation.
+------------------------------------------------------------------------------------------------------------------------------+
; Complete 1/0-Value Coverage                                                                                                  ;
+-----------------------------------------------------+-----------------------------------------------------+------------------+
; Node Name                                           ; Output Port Name                                    ; Output Port Type ;
+-----------------------------------------------------+-----------------------------------------------------+------------------+
; |lab13_5|binary_counter_top:inst|COUNT[2]           ; |lab13_5|binary_counter_top:inst|COUNT[2]           ; q                ;
; |lab13_5|binary_counter_top:inst|COUNT[1]           ; |lab13_5|binary_counter_top:inst|COUNT[1]           ; q                ;
; |lab13_5|binary_counter_top:inst|COUNT[0]           ; |lab13_5|binary_counter_top:inst|COUNT[0]           ; q                ;
; |lab13_5|binary_counter_top:inst|CLK_DIV[2]         ; |lab13_5|binary_counter_top:inst|CLK_DIV[2]         ; q                ;
; |lab13_5|binary_counter_top:inst|COUNT[2]~1         ; |lab13_5|binary_counter_top:inst|COUNT[2]~1         ; combout          ;
; |lab13_5|binary_counter_top:inst|COUNT[1]~2         ; |lab13_5|binary_counter_top:inst|COUNT[1]~2         ; combout          ;
; |lab13_5|binary_counter_top:inst|CLK_DIV[0]         ; |lab13_5|binary_counter_top:inst|CLK_DIV[0]         ; q                ;
; |lab13_5|binary_counter_top:inst|CLK_DIV[1]         ; |lab13_5|binary_counter_top:inst|CLK_DIV[1]         ; q                ;
; |lab13_5|binary_counter_top:inst|CLK_DIV[2]~0       ; |lab13_5|binary_counter_top:inst|CLK_DIV[2]~0       ; combout          ;
; |lab13_5|binary_counter_top:inst|CLK_DIV[1]~1       ; |lab13_5|binary_counter_top:inst|CLK_DIV[1]~1       ; combout          ;
; |lab13_5|binary_counter_top:inst|COUNT[0]~3         ; |lab13_5|binary_counter_top:inst|COUNT[0]~3         ; combout          ;
; |lab13_5|binary_counter_top:inst|CLK_DIV[0]~2       ; |lab13_5|binary_counter_top:inst|CLK_DIV[0]~2       ; combout          ;
; |lab13_5|LED[2]~output                              ; |lab13_5|LED[2]~output                              ; o                ;
; |lab13_5|LED[2]                                     ; |lab13_5|LED[2]                                     ; padout           ;
; |lab13_5|LED[1]~output                              ; |lab13_5|LED[1]~output                              ; o                ;
; |lab13_5|LED[1]                                     ; |lab13_5|LED[1]                                     ; padout           ;
; |lab13_5|LED[0]~output                              ; |lab13_5|LED[0]~output                              ; o                ;
; |lab13_5|LED[0]                                     ; |lab13_5|LED[0]                                     ; padout           ;
; |lab13_5|C~input                                    ; |lab13_5|C~input                                    ; o                ;
; |lab13_5|C                                          ; |lab13_5|C                                          ; padout           ;
; |lab13_5|C~inputclkctrl                             ; |lab13_5|C~inputclkctrl                             ; outclk           ;
; |lab13_5|binary_counter_top:inst|CLK_DIV[2]~clkctrl ; |lab13_5|binary_counter_top:inst|CLK_DIV[2]~clkctrl ; outclk           ;
; |lab13_5|binary_counter_top:inst|CLK_DIV[2]~feeder  ; |lab13_5|binary_counter_top:inst|CLK_DIV[2]~feeder  ; combout          ;
+-----------------------------------------------------+-----------------------------------------------------+------------------+


The following table displays output ports that do not toggle to 1 during simulation.
+-------------------------------------------------+
; Missing 1-Value Coverage                        ;
+-----------+------------------+------------------+
; Node Name ; Output Port Name ; Output Port Type ;
+-----------+------------------+------------------+


The following table displays output ports that do not toggle to 0 during simulation.
+--------------------------------------------------------------------------------------------------------------+
; Missing 0-Value Coverage                                                                                     ;
+---------------------------------------------+---------------------------------------------+------------------+
; Node Name                                   ; Output Port Name                            ; Output Port Type ;
+---------------------------------------------+---------------------------------------------+------------------+
; |lab13_5|binary_counter_top:inst|COUNT[3]   ; |lab13_5|binary_counter_top:inst|COUNT[3]   ; q                ;
; |lab13_5|binary_counter_top:inst|COUNT[3]~0 ; |lab13_5|binary_counter_top:inst|COUNT[3]~0 ; combout          ;
; |lab13_5|LED[3]~output                      ; |lab13_5|LED[3]~output                      ; o                ;
; |lab13_5|LED[3]                             ; |lab13_5|LED[3]                             ; padout           ;
+---------------------------------------------+---------------------------------------------+------------------+


+---------------------+
; Simulator INI Usage ;
+--------+------------+
; Option ; Usage      ;
+--------+------------+


+--------------------+
; Simulator Messages ;
+--------------------+


