Flow report for Lab_4
Wed Sep 25 10:18:27 2013
Quartus II Version 9.1 Build 350 03/24/2010 Service Pack 2 SJ Web Edition


---------------------
; Table of Contents ;
---------------------
  1. Legal Notice
  2. Flow Summary
  3. Flow Settings
  4. Flow Non-Default Global Settings
  5. Flow Elapsed Time
  6. Flow OS Summary
  7. Flow Log



----------------
; Legal Notice ;
----------------
Copyright (C) 1991-2010 Altera Corporation
Your use of Altera Corporation's design tools, logic functions 
and other software and tools, and its AMPP partner logic 
functions, and any output files from any of the foregoing 
(including device programming or simulation files), and any 
associated documentation or information are expressly subject 
to the terms and conditions of the Altera Program License 
Subscription Agreement, Altera MegaCore Function License 
Agreement, or other applicable license agreement, including, 
without limitation, that your use is for the sole purpose of 
programming logic devices manufactured by Altera and sold by 
Altera or its authorized distributors.  Please refer to the 
applicable agreement for further details.



+-----------------------------------------------------------------------------------+
; Flow Summary                                                                      ;
+------------------------------------+----------------------------------------------+
; Flow Status                        ; Successful - Wed Sep 25 10:18:26 2013        ;
; Quartus II Version                 ; 9.1 Build 350 03/24/2010 SP 2 SJ Web Edition ;
; Revision Name                      ; Lab_4                                        ;
; Top-level Entity Name              ; Lab_4                                        ;
; Family                             ; Cyclone III                                  ;
; Device                             ; EP3C5E144C8                                  ;
; Timing Models                      ; Final                                        ;
; Met timing requirements            ; N/A                                          ;
; Total logic elements               ; 1 / 5,136 ( < 1 % )                          ;
;     Total combinational functions  ; 1 / 5,136 ( < 1 % )                          ;
;     Dedicated logic registers      ; 0 / 5,136 ( 0 % )                            ;
; Total registers                    ; 0                                            ;
; Total pins                         ; 3 / 95 ( 3 % )                               ;
; Total virtual pins                 ; 0                                            ;
; Total memory bits                  ; 0 / 423,936 ( 0 % )                          ;
; Embedded Multiplier 9-bit elements ; 0 / 46 ( 0 % )                               ;
; Total PLLs                         ; 0 / 2 ( 0 % )                                ;
+------------------------------------+----------------------------------------------+


+-----------------------------------------+
; Flow Settings                           ;
+-------------------+---------------------+
; Option            ; Setting             ;
+-------------------+---------------------+
; Start date & time ; 09/25/2013 10:18:10 ;
; Main task         ; Compilation         ;
; Revision Name     ; Lab_4               ;
+-------------------+---------------------+


+--------------------------------------------------------------------------------------------------------------------+
; Flow Non-Default Global Settings                                                                                   ;
+------------------------------------+--------------------------------+---------------+-------------+----------------+
; Assignment Name                    ; Value                          ; Default Value ; Entity Name ; Section Id     ;
+------------------------------------+--------------------------------+---------------+-------------+----------------+
; COMPILER_SIGNATURE_ID              ; 84573318174488.138009349003632 ; --            ; --          ; --             ;
; MAX_CORE_JUNCTION_TEMP             ; 85                             ; --            ; --          ; --             ;
; MIN_CORE_JUNCTION_TEMP             ; 0                              ; --            ; --          ; --             ;
; NOMINAL_CORE_SUPPLY_VOLTAGE        ; 1.2V                           ; --            ; --          ; --             ;
; PARTITION_COLOR                    ; 16764057                       ; --            ; --          ; Top            ;
; PARTITION_NETLIST_TYPE             ; SOURCE                         ; --            ; --          ; Top            ;
; USE_GENERATED_PHYSICAL_CONSTRAINTS ; Off                            ; --            ; --          ; eda_blast_fpga ;
+------------------------------------+--------------------------------+---------------+-------------+----------------+


+-------------------------------------------------------------------------------------------------------------------------------+
; Flow Elapsed Time                                                                                                             ;
+---------------------------+--------------+-------------------------+---------------------+------------------------------------+
; Module Name               ; Elapsed Time ; Average Processors Used ; Peak Virtual Memory ; Total CPU Time (on all processors) ;
+---------------------------+--------------+-------------------------+---------------------+------------------------------------+
; Analysis & Synthesis      ; 00:00:01     ; 1.0                     ; 206 MB              ; 00:00:01                           ;
; Fitter                    ; 00:00:07     ; 1.0                     ; 251 MB              ; 00:00:04                           ;
; TimeQuest Timing Analyzer ; 00:00:03     ; 1.0                     ; 219 MB              ; 00:00:02                           ;
; Assembler                 ; 00:00:01     ; 1.0                     ; 204 MB              ; 00:00:01                           ;
; Total                     ; 00:00:11     ; --                      ; --                  ; 00:00:07                           ;
+---------------------------+--------------+-------------------------+---------------------+------------------------------------+


+--------------------------------------------------------------------------------------------+
; Flow OS Summary                                                                            ;
+---------------------------+------------------+---------------+------------+----------------+
; Module Name               ; Machine Hostname ; OS Name       ; OS Version ; Processor type ;
+---------------------------+------------------+---------------+------------+----------------+
; Analysis & Synthesis      ; navione-PC       ; Windows Vista ; 6.1        ; x86_64         ;
; Fitter                    ; navione-PC       ; Windows Vista ; 6.1        ; x86_64         ;
; Assembler                 ; navione-PC       ; Windows Vista ; 6.1        ; x86_64         ;
; TimeQuest Timing Analyzer ; navione-PC       ; Windows Vista ; 6.1        ; x86_64         ;
+---------------------------+------------------+---------------+------------+----------------+


------------
; Flow Log ;
------------
quartus_map --read_settings_files=on --write_settings_files=off Lab_4 -c Lab_4
quartus_fit --read_settings_files=off --write_settings_files=off Lab_4 -c Lab_4
quartus_asm --read_settings_files=off --write_settings_files=off Lab_4 -c Lab_4
quartus_sta Lab_4 -c Lab_4



