Flow report for lab_11_1
Tue Nov 12 09:04:34 2013
Quartus II Version 9.0 Build 235 06/17/2009 Service Pack 2 SJ Web Edition


---------------------
; Table of Contents ;
---------------------
  1. Legal Notice
  2. Flow Summary
  3. Flow Settings
  4. Flow Non-Default Global Settings
  5. Flow Elapsed Time
  6. Flow OS Summary
  7. Flow Log



----------------
; Legal Notice ;
----------------
Copyright (C) 1991-2009 Altera Corporation
Your use of Altera Corporation's design tools, logic functions 
and other software and tools, and its AMPP partner logic 
functions, and any output files from any of the foregoing 
(including device programming or simulation files), and any 
associated documentation or information are expressly subject 
to the terms and conditions of the Altera Program License 
Subscription Agreement, Altera MegaCore Function License 
Agreement, or other applicable license agreement, including, 
without limitation, that your use is for the sole purpose of 
programming logic devices manufactured by Altera and sold by 
Altera or its authorized distributors.  Please refer to the 
applicable agreement for further details.



+-----------------------------------------------------------------------------------+
; Flow Summary                                                                      ;
+------------------------------------+----------------------------------------------+
; Flow Status                        ; Successful - Tue Nov 12 09:04:27 2013        ;
; Quartus II Version                 ; 9.0 Build 235 06/17/2009 SP 2 SJ Web Edition ;
; Revision Name                      ; lab_11_1                                     ;
; Top-level Entity Name              ; lab_11_1                                     ;
; Family                             ; Cyclone III                                  ;
; Device                             ; EP3C16F484C8                                 ;
; Timing Models                      ; Final                                        ;
; Met timing requirements            ; N/A                                          ;
; Total logic elements               ; 1,166 / 15,408 ( 8 % )                       ;
;     Total combinational functions  ; 1,087 / 15,408 ( 7 % )                       ;
;     Dedicated logic registers      ; 521 / 15,408 ( 3 % )                         ;
; Total registers                    ; 521                                          ;
; Total pins                         ; 71 / 347 ( 20 % )                            ;
; Total virtual pins                 ; 0                                            ;
; Total memory bits                  ; 240 / 516,096 ( < 1 % )                      ;
; Embedded Multiplier 9-bit elements ; 31 / 112 ( 28 % )                            ;
; Total PLLs                         ; 0 / 4 ( 0 % )                                ;
+------------------------------------+----------------------------------------------+


+-----------------------------------------+
; Flow Settings                           ;
+-------------------+---------------------+
; Option            ; Setting             ;
+-------------------+---------------------+
; Start date & time ; 11/12/2013 09:03:50 ;
; Main task         ; Compilation         ;
; Revision Name     ; lab_11_1            ;
+-------------------+---------------------+


+---------------------------------------------------------------------------------------------------------------------+
; Flow Non-Default Global Settings                                                                                    ;
+------------------------------------+---------------------------------+---------------+-------------+----------------+
; Assignment Name                    ; Value                           ; Default Value ; Entity Name ; Section Id     ;
+------------------------------------+---------------------------------+---------------+-------------+----------------+
; COMPILER_SIGNATURE_ID              ; 211211555311786.138423983007828 ; --            ; --          ; --             ;
; IP_TOOL_NAME                       ; ALTFP_EXP                       ; --            ; --          ; --             ;
; IP_TOOL_VERSION                    ; 9.0                             ; --            ; --          ; --             ;
; MAX_CORE_JUNCTION_TEMP             ; 85                              ; --            ; --          ; --             ;
; MIN_CORE_JUNCTION_TEMP             ; 0                               ; --            ; --          ; --             ;
; MISC_FILE                          ; altfp_exp0.bsf                  ; --            ; --          ; --             ;
; MISC_FILE                          ; altfp_exp0.cmp                  ; --            ; --          ; --             ;
; NOMINAL_CORE_SUPPLY_VOLTAGE        ; 1.2V                            ; --            ; --          ; --             ;
; PARTITION_COLOR                    ; 16764057                        ; --            ; --          ; Top            ;
; PARTITION_NETLIST_TYPE             ; SOURCE                          ; --            ; --          ; Top            ;
; USE_GENERATED_PHYSICAL_CONSTRAINTS ; Off                             ; --            ; --          ; eda_blast_fpga ;
+------------------------------------+---------------------------------+---------------+-------------+----------------+


+-------------------------------------------------------------------------------------------------------------------------------+
; Flow Elapsed Time                                                                                                             ;
+---------------------------+--------------+-------------------------+---------------------+------------------------------------+
; Module Name               ; Elapsed Time ; Average Processors Used ; Peak Virtual Memory ; Total CPU Time (on all processors) ;
+---------------------------+--------------+-------------------------+---------------------+------------------------------------+
; Analysis & Synthesis      ; 00:00:18     ; 1.0                     ; 269 MB              ; 00:00:17                           ;
; Fitter                    ; 00:00:11     ; 1.0                     ; 295 MB              ; 00:00:08                           ;
; Assembler                 ; 00:00:01     ; 1.0                     ; 223 MB              ; 00:00:01                           ;
; TimeQuest Timing Analyzer ; 00:00:05     ; 1.0                     ; 252 MB              ; 00:00:04                           ;
; Total                     ; 00:00:35     ; --                      ; --                  ; 00:00:30                           ;
+---------------------------+--------------+-------------------------+---------------------+------------------------------------+


+--------------------------------------------------------------------------------------------+
; Flow OS Summary                                                                            ;
+---------------------------+------------------+---------------+------------+----------------+
; Module Name               ; Machine Hostname ; OS Name       ; OS Version ; Processor type ;
+---------------------------+------------------+---------------+------------+----------------+
; Analysis & Synthesis      ; CHICKEK-PC       ; Windows Vista ; 6.1        ; x86_64         ;
; Fitter                    ; CHICKEK-PC       ; Windows Vista ; 6.1        ; x86_64         ;
; Assembler                 ; CHICKEK-PC       ; Windows Vista ; 6.1        ; x86_64         ;
; TimeQuest Timing Analyzer ; CHICKEK-PC       ; Windows Vista ; 6.1        ; x86_64         ;
+---------------------------+------------------+---------------+------------+----------------+


------------
; Flow Log ;
------------
quartus_map --read_settings_files=on --write_settings_files=off lab_11_1 -c lab_11_1
quartus_fit --read_settings_files=off --write_settings_files=off lab_11_1 -c lab_11_1
quartus_asm --read_settings_files=off --write_settings_files=off lab_11_1 -c lab_11_1
quartus_sta lab_11_1 -c lab_11_1



